( 256 0.95 8.0 4.5 ) Verror= 0.0082374 Werror= 0.00152 time_compute= 0.09566057
( 256 0.95 8.0 4.72 ) Verror= 0.00818067 Werror= 0.00098277 time_compute= 0.10217214
( 256 0.95 8.0 4.94 ) Verror= 0.00814655 Werror= 0.00066174 time_compute= 0.11095369
( 256 0.95 8.0 5.16 ) Verror= 0.00813197 Werror= 0.00048729 time_compute= 0.11773205
( 256 0.95 8.0 5.38 ) Verror= 0.00812697 Werror= 0.00040326 time_compute= 0.12505996
( 256 0.95 8.0 5.6 ) Verror= 0.00812581 Werror= 0.00036792 time_compute= 0.13735914
( 256 0.95 8.0 5.82 ) Verror= 0.00812615 Werror= 0.00035405 time_compute= 0.14657784
( 256 0.95 8.0 6.04 ) Verror= 0.00812634 Werror= 0.00034853 time_compute= 0.14833236
( 256 0.95 8.0 6.26 ) Verror= 0.00812694 Werror= 0.00034653 time_compute= 0.1697377
( 256 0.95 8.0 6.48 ) Verror= 0.00812727 Werror= 0.00034568 time_compute= 0.16929436
( 256 0.95 8.0 6.7 ) Verror= 0.00812731 Werror= 0.00034535 time_compute= 0.19458687
( 256 0.95 8.0 6.92 ) Verror= 0.00812741 Werror= 0.0003452 time_compute= 0.21159577
( 256 0.95 8.0 7.140000000000001 ) Verror= 0.00812796 Werror= 0.00034516 time_compute= 0.21042168
( 256 0.95 8.0 7.359999999999999 ) Verror= 0.008128 Werror= 0.00034513 time_compute= 0.20681536
( 256 0.95 8.0 7.58 ) Verror= 0.00812796 Werror= 0.00034512 time_compute= 0.2182281
( 256 0.95 8.0 7.8 ) Verror= 0.00812802 Werror= 0.00034511 time_compute= 0.24948454
( 256 0.95 8.0 8.02 ) Verror= 0.00812801 Werror= 0.00034511 time_compute= 0.26294816
( 256 0.95 8.0 8.24 ) Verror= 0.00812782 Werror= 0.00034504 time_compute= 0.25494111
( 256 0.95 8.0 8.46 ) Verror= 0.00812769 Werror= 0.00034496 time_compute= 0.29419613
( 256 0.95 8.0 8.68 ) Verror= 0.00812765 Werror= 0.00034496 time_compute= 0.31291533
( 256 0.95 8.3 4.5 ) Verror= 0.00823741 Werror= 0.00152 time_compute= 0.0957799
( 256 0.95 8.3 4.72 ) Verror= 0.00818073 Werror= 0.00098277 time_compute= 0.10209334
( 256 0.95 8.3 4.94 ) Verror= 0.00814654 Werror= 0.00066174 time_compute= 0.11111498
( 256 0.95 8.3 5.16 ) Verror= 0.00813199 Werror= 0.00048729 time_compute= 0.11916673
( 256 0.95 8.3 5.38 ) Verror= 0.00812697 Werror= 0.00040326 time_compute= 0.12804854
( 256 0.95 8.3 5.6 ) Verror= 0.00812577 Werror= 0.00036792 time_compute= 0.13709736
( 256 0.95 8.3 5.82 ) Verror= 0.00812616 Werror= 0.00035405 time_compute= 0.14804411
( 256 0.95 8.3 6.04 ) Verror= 0.00812626 Werror= 0.00034852 time_compute= 0.15184903
( 256 0.95 8.3 6.26 ) Verror= 0.0081269 Werror= 0.00034653 time_compute= 0.16059148
( 256 0.95 8.3 6.48 ) Verror= 0.00812724 Werror= 0.00034568 time_compute= 0.1663475
( 256 0.95 8.3 6.7 ) Verror= 0.00812734 Werror= 0.00034535 time_compute= 0.18783844
( 256 0.95 8.3 6.92 ) Verror= 0.00812739 Werror= 0.0003452 time_compute= 0.21141398
( 256 0.95 8.3 7.140000000000001 ) Verror= 0.00812797 Werror= 0.00034516 time_compute= 0.22473133
( 256 0.95 8.3 7.359999999999999 ) Verror= 0.00812798 Werror= 0.00034513 time_compute= 0.21264136
( 256 0.95 8.3 7.58 ) Verror= 0.00812798 Werror= 0.00034512 time_compute= 0.24378884
( 256 0.95 8.3 7.8 ) Verror= 0.00812798 Werror= 0.00034511 time_compute= 0.24658406
( 256 0.95 8.3 8.02 ) Verror= 0.00812799 Werror= 0.00034511 time_compute= 0.24543989
( 256 0.95 8.3 8.24 ) Verror= 0.00812781 Werror= 0.00034504 time_compute= 0.2713474
( 256 0.95 8.3 8.46 ) Verror= 0.00812766 Werror= 0.00034496 time_compute= 0.29536569
( 256 0.95 8.3 8.68 ) Verror= 0.0081277 Werror= 0.00034496 time_compute= 0.31428409
( 256 0.95 8.6 4.5 ) Verror= 0.00823744 Werror= 0.00152 time_compute= 0.09598792
( 256 0.95 8.6 4.72 ) Verror= 0.00818063 Werror= 0.00098277 time_compute= 0.10239339
( 256 0.95 8.6 4.94 ) Verror= 0.00814656 Werror= 0.00066174 time_compute= 0.1112138
( 256 0.95 8.6 5.16 ) Verror= 0.00813198 Werror= 0.00048729 time_compute= 0.11890316
( 256 0.95 8.6 5.38 ) Verror= 0.00812697 Werror= 0.00040326 time_compute= 0.12801063
( 256 0.95 8.6 5.6 ) Verror= 0.0081258 Werror= 0.00036792 time_compute= 0.13423371
( 256 0.95 8.6 5.82 ) Verror= 0.00812607 Werror= 0.00035405 time_compute= 0.14797413
( 256 0.95 8.6 6.04 ) Verror= 0.00812635 Werror= 0.00034852 time_compute= 0.16131711
( 256 0.95 8.6 6.26 ) Verror= 0.00812699 Werror= 0.00034653 time_compute= 0.17007303
( 256 0.95 8.6 6.48 ) Verror= 0.00812723 Werror= 0.00034568 time_compute= 0.17075825
( 256 0.95 8.6 6.7 ) Verror= 0.00812732 Werror= 0.00034535 time_compute= 0.18713379
( 256 0.95 8.6 6.92 ) Verror= 0.00812742 Werror= 0.0003452 time_compute= 0.18431914
( 256 0.95 8.6 7.140000000000001 ) Verror= 0.00812797 Werror= 0.00034516 time_compute= 0.2209028
( 256 0.95 8.6 7.359999999999999 ) Verror= 0.00812801 Werror= 0.00034513 time_compute= 0.21667552
( 256 0.95 8.6 7.58 ) Verror= 0.00812798 Werror= 0.00034512 time_compute= 0.22363746
( 256 0.95 8.6 7.8 ) Verror= 0.00812799 Werror= 0.00034511 time_compute= 0.22744417
( 256 0.95 8.6 8.02 ) Verror= 0.00812799 Werror= 0.00034511 time_compute= 0.28517139
( 256 0.95 8.6 8.24 ) Verror= 0.00812778 Werror= 0.00034504 time_compute= 0.2976979
( 256 0.95 8.6 8.46 ) Verror= 0.00812781 Werror= 0.00034496 time_compute= 0.27064049
( 256 0.95 8.6 8.68 ) Verror= 0.00812774 Werror= 0.00034496 time_compute= 0.31124222
( 256 0.95 8.9 4.5 ) Verror= 0.00823742 Werror= 0.00152 time_compute= 0.09587443
( 256 0.95 8.9 4.72 ) Verror= 0.00818068 Werror= 0.00098277 time_compute= 0.10237265
( 256 0.95 8.9 4.94 ) Verror= 0.00814648 Werror= 0.00066174 time_compute= 0.11088085
( 256 0.95 8.9 5.16 ) Verror= 0.00813203 Werror= 0.00048729 time_compute= 0.11870599
( 256 0.95 8.9 5.38 ) Verror= 0.00812702 Werror= 0.00040326 time_compute= 0.12683296
( 256 0.95 8.9 5.6 ) Verror= 0.00812576 Werror= 0.00036792 time_compute= 0.13772631
( 256 0.95 8.9 5.82 ) Verror= 0.00812619 Werror= 0.00035405 time_compute= 0.14843118
( 256 0.95 8.9 6.04 ) Verror= 0.00812631 Werror= 0.00034853 time_compute= 0.16372311
( 256 0.95 8.9 6.26 ) Verror= 0.00812695 Werror= 0.00034653 time_compute= 0.17238915
( 256 0.95 8.9 6.48 ) Verror= 0.00812721 Werror= 0.00034568 time_compute= 0.17879736
( 256 0.95 8.9 6.7 ) Verror= 0.00812733 Werror= 0.00034535 time_compute= 0.19726741
( 256 0.95 8.9 6.92 ) Verror= 0.00812739 Werror= 0.0003452 time_compute= 0.2116518
( 256 0.95 8.9 7.140000000000001 ) Verror= 0.00812799 Werror= 0.00034516 time_compute= 0.22421062
( 256 0.95 8.9 7.359999999999999 ) Verror= 0.00812801 Werror= 0.00034513 time_compute= 0.22770035
( 256 0.95 8.9 7.58 ) Verror= 0.00812806 Werror= 0.00034512 time_compute= 0.22220385
( 256 0.95 8.9 7.8 ) Verror= 0.00812799 Werror= 0.00034511 time_compute= 0.24920499
( 256 0.95 8.9 8.02 ) Verror= 0.008128 Werror= 0.00034511 time_compute= 0.26282859
( 256 0.95 8.9 8.24 ) Verror= 0.00812781 Werror= 0.00034504 time_compute= 0.26949584
( 256 0.95 8.9 8.46 ) Verror= 0.00812772 Werror= 0.00034496 time_compute= 0.29688919
( 256 0.95 8.9 8.68 ) Verror= 0.00812768 Werror= 0.00034496 time_compute= 0.28774357
( 256 0.95 9.2 4.5 ) Verror= 0.00174199 Werror= 0.00146736 time_compute= 0.10669255
( 256 0.95 9.2 4.72 ) Verror= 0.00134343 Werror= 0.0009002 time_compute= 0.11301124
( 256 0.95 9.2 4.94 ) Verror= 0.00101673 Werror= 0.00054034 time_compute= 0.12159765
( 256 0.95 9.2 5.16 ) Verror= 0.00078753 Werror= 0.00032033 time_compute= 0.1297791
( 256 0.95 9.2 5.38 ) Verror= 0.00065105 Werror= 0.00019191 time_compute= 0.13830507
( 256 0.95 9.2 5.6 ) Verror= 0.00058132 Werror= 0.00012201 time_compute= 0.14638233
( 256 0.95 9.2 5.82 ) Verror= 0.00055123 Werror= 8.817e-05 time_compute= 0.15926313
( 256 0.95 9.2 6.04 ) Verror= 0.00053925 Werror= 7.408e-05 time_compute= 0.15983558
( 256 0.95 9.2 6.26 ) Verror= 0.00053545 Werror= 6.931e-05 time_compute= 0.17966068
( 256 0.95 9.2 6.48 ) Verror= 0.0005343 Werror= 6.786e-05 time_compute= 0.17274415
( 256 0.95 9.2 6.7 ) Verror= 0.000534 Werror= 6.748e-05 time_compute= 0.20898104
( 256 0.95 9.2 6.92 ) Verror= 0.00053389 Werror= 6.737e-05 time_compute= 0.20093453
( 256 0.95 9.2 7.140000000000001 ) Verror= 0.00053437 Werror= 6.737e-05 time_compute= 0.22274232
( 256 0.95 9.2 7.359999999999999 ) Verror= 0.00053439 Werror= 6.736e-05 time_compute= 0.22673678
( 256 0.95 9.2 7.58 ) Verror= 0.00053442 Werror= 6.736e-05 time_compute= 0.24520481
( 256 0.95 9.2 7.8 ) Verror= 0.0005344 Werror= 6.736e-05 time_compute= 0.23436332
( 256 0.95 9.2 8.02 ) Verror= 0.00053439 Werror= 6.736e-05 time_compute= 0.26134598
( 256 0.95 9.2 8.24 ) Verror= 0.00053422 Werror= 6.729e-05 time_compute= 0.30454588
( 256 0.95 9.2 8.46 ) Verror= 0.00053407 Werror= 6.721e-05 time_compute= 0.29672587
( 256 0.95 9.2 8.68 ) Verror= 0.0005341 Werror= 6.721e-05 time_compute= 0.28898358
( 256 0.95 9.5 4.5 ) Verror= 0.00174199 Werror= 0.00146736 time_compute= 0.1067915
( 256 0.95 9.5 4.72 ) Verror= 0.00134343 Werror= 0.0009002 time_compute= 0.11287332
( 256 0.95 9.5 4.94 ) Verror= 0.00101673 Werror= 0.00054034 time_compute= 0.12146771
( 256 0.95 9.5 5.16 ) Verror= 0.00078755 Werror= 0.00032033 time_compute= 0.12666261
( 256 0.95 9.5 5.38 ) Verror= 0.00065104 Werror= 0.00019191 time_compute= 0.1310147
( 256 0.95 9.5 5.6 ) Verror= 0.00058134 Werror= 0.00012201 time_compute= 0.14799726
( 256 0.95 9.5 5.82 ) Verror= 0.00055122 Werror= 8.817e-05 time_compute= 0.15833139
( 256 0.95 9.5 6.04 ) Verror= 0.00053925 Werror= 7.408e-05 time_compute= 0.17060423
( 256 0.95 9.5 6.26 ) Verror= 0.00053542 Werror= 6.931e-05 time_compute= 0.18212962
( 256 0.95 9.5 6.48 ) Verror= 0.00053428 Werror= 6.786e-05 time_compute= 0.18326128
( 256 0.95 9.5 6.7 ) Verror= 0.00053396 Werror= 6.748e-05 time_compute= 0.20704317
( 256 0.95 9.5 6.92 ) Verror= 0.00053391 Werror= 6.737e-05 time_compute= 0.20350683
( 256 0.95 9.5 7.140000000000001 ) Verror= 0.00053442 Werror= 6.737e-05 time_compute= 0.23506343
( 256 0.95 9.5 7.359999999999999 ) Verror= 0.00053444 Werror= 6.736e-05 time_compute= 0.24653304
( 256 0.95 9.5 7.58 ) Verror= 0.00053442 Werror= 6.736e-05 time_compute= 0.22582924
( 256 0.95 9.5 7.8 ) Verror= 0.00053442 Werror= 6.736e-05 time_compute= 0.25434434
( 256 0.95 9.5 8.02 ) Verror= 0.0005344 Werror= 6.736e-05 time_compute= 0.28199971
( 256 0.95 9.5 8.24 ) Verror= 0.00053418 Werror= 6.729e-05 time_compute= 0.28200102
( 256 0.95 9.5 8.46 ) Verror= 0.00053406 Werror= 6.721e-05 time_compute= 0.29070938
( 256 0.95 9.5 8.68 ) Verror= 0.00053409 Werror= 6.721e-05 time_compute= 0.3265543
( 256 0.95 9.8 4.5 ) Verror= 0.00174199 Werror= 0.00146736 time_compute= 0.10635221
( 256 0.95 9.8 4.72 ) Verror= 0.00134343 Werror= 0.0009002 time_compute= 0.11298811
( 256 0.95 9.8 4.94 ) Verror= 0.00101672 Werror= 0.00054034 time_compute= 0.12177122
( 256 0.95 9.8 5.16 ) Verror= 0.00078753 Werror= 0.00032033 time_compute= 0.12968707
( 256 0.95 9.8 5.38 ) Verror= 0.00065104 Werror= 0.00019191 time_compute= 0.1386888
( 256 0.95 9.8 5.6 ) Verror= 0.00058132 Werror= 0.00012201 time_compute= 0.14335406
( 256 0.95 9.8 5.82 ) Verror= 0.0005512 Werror= 8.817e-05 time_compute= 0.15881097
( 256 0.95 9.8 6.04 ) Verror= 0.00053927 Werror= 7.408e-05 time_compute= 0.16211414
( 256 0.95 9.8 6.26 ) Verror= 0.00053543 Werror= 6.931e-05 time_compute= 0.17547214
( 256 0.95 9.8 6.48 ) Verror= 0.00053428 Werror= 6.786e-05 time_compute= 0.1797688
( 256 0.95 9.8 6.7 ) Verror= 0.00053397 Werror= 6.748e-05 time_compute= 0.19577122
( 256 0.95 9.8 6.92 ) Verror= 0.0005339 Werror= 6.737e-05 time_compute= 0.21113324
( 256 0.95 9.8 7.140000000000001 ) Verror= 0.0005344 Werror= 6.737e-05 time_compute= 0.20798075
( 256 0.95 9.8 7.359999999999999 ) Verror= 0.0005344 Werror= 6.736e-05 time_compute= 0.21715415
( 256 0.95 9.8 7.58 ) Verror= 0.00053439 Werror= 6.736e-05 time_compute= 0.23372376
( 256 0.95 9.8 7.8 ) Verror= 0.00053439 Werror= 6.736e-05 time_compute= 0.23417568
( 256 0.95 9.8 8.02 ) Verror= 0.00053439 Werror= 6.736e-05 time_compute= 0.25422859
( 256 0.95 9.8 8.24 ) Verror= 0.00053419 Werror= 6.729e-05 time_compute= 0.29482639
( 256 0.95 9.8 8.46 ) Verror= 0.00053407 Werror= 6.721e-05 time_compute= 0.31028938
( 256 0.95 9.8 8.68 ) Verror= 0.00053407 Werror= 6.721e-05 time_compute= 0.31775641
( 256 0.95 10.1 4.5 ) Verror= 0.00174086 Werror= 0.00146772 time_compute= 0.11560953
( 256 0.95 10.1 4.72 ) Verror= 0.00134014 Werror= 0.00090047 time_compute= 0.12194765
( 256 0.95 10.1 4.94 ) Verror= 0.00101068 Werror= 0.00054049 time_compute= 0.13070142
( 256 0.95 10.1 5.16 ) Verror= 0.00077817 Werror= 0.00032038 time_compute= 0.13873804
( 256 0.95 10.1 5.38 ) Verror= 0.00063804 Werror= 0.00019187 time_compute= 0.13754189
( 256 0.95 10.1 5.6 ) Verror= 0.00056538 Werror= 0.00012191 time_compute= 0.15683341
( 256 0.95 10.1 5.82 ) Verror= 0.00053351 Werror= 8.804e-05 time_compute= 0.16150272
( 256 0.95 10.1 6.04 ) Verror= 0.00052058 Werror= 7.395e-05 time_compute= 0.16614652
( 256 0.95 10.1 6.26 ) Verror= 0.00051638 Werror= 6.919e-05 time_compute= 0.18312621
( 256 0.95 10.1 6.48 ) Verror= 0.00051503 Werror= 6.777e-05 time_compute= 0.1791482
( 256 0.95 10.1 6.7 ) Verror= 0.00051463 Werror= 6.74e-05 time_compute= 0.20503891
( 256 0.95 10.1 6.92 ) Verror= 0.00051454 Werror= 6.73e-05 time_compute= 0.21589816
( 256 0.95 10.1 7.140000000000001 ) Verror= 0.00051504 Werror= 6.73e-05 time_compute= 0.23331332
( 256 0.95 10.1 7.359999999999999 ) Verror= 0.00051501 Werror= 6.73e-05 time_compute= 0.25843072
( 256 0.95 10.1 7.58 ) Verror= 0.00051502 Werror= 6.729e-05 time_compute= 0.26482177
( 256 0.95 10.1 7.8 ) Verror= 0.00051502 Werror= 6.729e-05 time_compute= 0.24896324
( 256 0.95 10.1 8.02 ) Verror= 0.00051503 Werror= 6.729e-05 time_compute= 0.27493942
( 256 0.95 10.1 8.24 ) Verror= 0.00051481 Werror= 6.722e-05 time_compute= 0.28685117
( 256 0.95 10.1 8.46 ) Verror= 0.00051469 Werror= 6.715e-05 time_compute= 0.32237113
( 256 0.95 10.1 8.68 ) Verror= 0.00051468 Werror= 6.715e-05 time_compute= 0.3227824
( 256 0.95 10.4 4.5 ) Verror= 0.00174086 Werror= 0.00146772 time_compute= 0.11552536
( 256 0.95 10.4 4.72 ) Verror= 0.00134013 Werror= 0.00090047 time_compute= 0.12249839
( 256 0.95 10.4 4.94 ) Verror= 0.00101068 Werror= 0.00054049 time_compute= 0.1309253
( 256 0.95 10.4 5.16 ) Verror= 0.00077816 Werror= 0.00032038 time_compute= 0.13878834
( 256 0.95 10.4 5.38 ) Verror= 0.00063803 Werror= 0.00019187 time_compute= 0.14718676
( 256 0.95 10.4 5.6 ) Verror= 0.00056538 Werror= 0.00012191 time_compute= 0.15713942
( 256 0.95 10.4 5.82 ) Verror= 0.00053351 Werror= 8.804e-05 time_compute= 0.16784871
( 256 0.95 10.4 6.04 ) Verror= 0.00052061 Werror= 7.395e-05 time_compute= 0.17323041
( 256 0.95 10.4 6.26 ) Verror= 0.00051636 Werror= 6.919e-05 time_compute= 0.18611252
( 256 0.95 10.4 6.48 ) Verror= 0.00051504 Werror= 6.777e-05 time_compute= 0.18567479
( 256 0.95 10.4 6.7 ) Verror= 0.00051462 Werror= 6.74e-05 time_compute= 0.19123209
( 256 0.95 10.4 6.92 ) Verror= 0.00051453 Werror= 6.73e-05 time_compute= 0.19942427
( 256 0.95 10.4 7.140000000000001 ) Verror= 0.00051502 Werror= 6.73e-05 time_compute= 0.21374071
( 256 0.95 10.4 7.359999999999999 ) Verror= 0.00051501 Werror= 6.73e-05 time_compute= 0.23888755
( 256 0.95 10.4 7.58 ) Verror= 0.000515 Werror= 6.729e-05 time_compute= 0.25758123
( 256 0.95 10.4 7.8 ) Verror= 0.000515 Werror= 6.729e-05 time_compute= 0.26042497
( 256 0.95 10.4 8.02 ) Verror= 0.00051501 Werror= 6.729e-05 time_compute= 0.28812957
( 256 0.95 10.4 8.24 ) Verror= 0.00051482 Werror= 6.722e-05 time_compute= 0.27932024
( 256 0.95 10.4 8.46 ) Verror= 0.00051468 Werror= 6.715e-05 time_compute= 0.30862021
( 256 0.95 10.4 8.68 ) Verror= 0.00051469 Werror= 6.715e-05 time_compute= 0.30613589
( 256 0.95 10.7 4.5 ) Verror= 0.00174085 Werror= 0.00146772 time_compute= 0.11548507
( 256 0.95 10.7 4.72 ) Verror= 0.00134013 Werror= 0.00090047 time_compute= 0.12203085
( 256 0.95 10.7 4.94 ) Verror= 0.00101067 Werror= 0.00054049 time_compute= 0.12876523
( 256 0.95 10.7 5.16 ) Verror= 0.00077816 Werror= 0.00032038 time_compute= 0.13078046
( 256 0.95 10.7 5.38 ) Verror= 0.00063803 Werror= 0.00019187 time_compute= 0.14759791
( 256 0.95 10.7 5.6 ) Verror= 0.00056538 Werror= 0.00012191 time_compute= 0.14965475
( 256 0.95 10.7 5.82 ) Verror= 0.00053352 Werror= 8.804e-05 time_compute= 0.16738236
( 256 0.95 10.7 6.04 ) Verror= 0.0005206 Werror= 7.395e-05 time_compute= 0.16609073
( 256 0.95 10.7 6.26 ) Verror= 0.00051638 Werror= 6.919e-05 time_compute= 0.17124546
( 256 0.95 10.7 6.48 ) Verror= 0.00051504 Werror= 6.777e-05 time_compute= 0.19072258
( 256 0.95 10.7 6.7 ) Verror= 0.00051461 Werror= 6.74e-05 time_compute= 0.20222807
( 256 0.95 10.7 6.92 ) Verror= 0.00051454 Werror= 6.73e-05 time_compute= 0.23026443
( 256 0.95 10.7 7.140000000000001 ) Verror= 0.00051501 Werror= 6.73e-05 time_compute= 0.2262584
( 256 0.95 10.7 7.359999999999999 ) Verror= 0.00051503 Werror= 6.73e-05 time_compute= 0.2540071
( 256 0.95 10.7 7.58 ) Verror= 0.00051501 Werror= 6.729e-05 time_compute= 0.25003934
( 256 0.95 10.7 7.8 ) Verror= 0.00051501 Werror= 6.729e-05 time_compute= 0.28002286
( 256 0.95 10.7 8.02 ) Verror= 0.00051503 Werror= 6.729e-05 time_compute= 0.28168797
( 256 0.95 10.7 8.24 ) Verror= 0.00051481 Werror= 6.722e-05 time_compute= 0.27884281
( 256 0.95 10.7 8.46 ) Verror= 0.00051469 Werror= 6.715e-05 time_compute= 0.30610037
( 256 0.95 10.7 8.68 ) Verror= 0.00051469 Werror= 6.715e-05 time_compute= 0.32606351
( 256 0.95 11.0 4.5 ) Verror= 0.00174086 Werror= 0.00146772 time_compute= 0.11565292
( 256 0.95 11.0 4.72 ) Verror= 0.00134013 Werror= 0.00090047 time_compute= 0.12193799
( 256 0.95 11.0 4.94 ) Verror= 0.00101067 Werror= 0.00054049 time_compute= 0.1253314
( 256 0.95 11.0 5.16 ) Verror= 0.00077817 Werror= 0.00032038 time_compute= 0.13832748
( 256 0.95 11.0 5.38 ) Verror= 0.00063803 Werror= 0.00019187 time_compute= 0.14644504
( 256 0.95 11.0 5.6 ) Verror= 0.00056539 Werror= 0.00012191 time_compute= 0.15692437
( 256 0.95 11.0 5.82 ) Verror= 0.00053351 Werror= 8.804e-05 time_compute= 0.16617095
( 256 0.95 11.0 6.04 ) Verror= 0.00052059 Werror= 7.395e-05 time_compute= 0.16242492
( 256 0.95 11.0 6.26 ) Verror= 0.00051637 Werror= 6.919e-05 time_compute= 0.17166317
( 256 0.95 11.0 6.48 ) Verror= 0.00051505 Werror= 6.777e-05 time_compute= 0.19032359
( 256 0.95 11.0 6.7 ) Verror= 0.00051462 Werror= 6.74e-05 time_compute= 0.19140697
( 256 0.95 11.0 6.92 ) Verror= 0.00051453 Werror= 6.73e-05 time_compute= 0.23016238
( 256 0.95 11.0 7.140000000000001 ) Verror= 0.00051502 Werror= 6.73e-05 time_compute= 0.22157621
( 256 0.95 11.0 7.359999999999999 ) Verror= 0.00051502 Werror= 6.73e-05 time_compute= 0.25526941
( 256 0.95 11.0 7.58 ) Verror= 0.00051499 Werror= 6.729e-05 time_compute= 0.23261964
( 256 0.95 11.0 7.8 ) Verror= 0.00051501 Werror= 6.729e-05 time_compute= 0.25616372
( 256 0.95 11.0 8.02 ) Verror= 0.00051502 Werror= 6.729e-05 time_compute= 0.28461635
( 256 0.95 11.0 8.24 ) Verror= 0.00051482 Werror= 6.722e-05 time_compute= 0.31195104
( 256 0.95 11.0 8.46 ) Verror= 0.0005147 Werror= 6.715e-05 time_compute= 0.3254962
( 256 0.95 11.0 8.68 ) Verror= 0.00051469 Werror= 6.715e-05 time_compute= 0.33342016
( 256 0.95 11.3 4.5 ) Verror= 0.00174173 Werror= 0.0014681 time_compute= 0.12285101
( 256 0.95 11.3 4.72 ) Verror= 0.00133933 Werror= 0.00090075 time_compute= 0.13576984
( 256 0.95 11.3 4.94 ) Verror= 0.00100779 Werror= 0.00054066 time_compute= 0.1378473
( 256 0.95 11.3 5.16 ) Verror= 0.00077247 Werror= 0.00032045 time_compute= 0.14534414
( 256 0.95 11.3 5.38 ) Verror= 0.00062952 Werror= 0.00019187 time_compute= 0.15468109
( 256 0.95 11.3 5.6 ) Verror= 0.00055469 Werror= 0.00012186 time_compute= 0.16388547
( 256 0.95 11.3 5.82 ) Verror= 0.00052135 Werror= 8.798e-05 time_compute= 0.1744808
( 256 0.95 11.3 6.04 ) Verror= 0.00050761 Werror= 7.39e-05 time_compute= 0.18609381
( 256 0.95 11.3 6.26 ) Verror= 0.00050293 Werror= 6.917e-05 time_compute= 0.1897732
( 256 0.95 11.3 6.48 ) Verror= 0.00050144 Werror= 6.777e-05 time_compute= 0.18837631
( 256 0.95 11.3 6.7 ) Verror= 0.00050097 Werror= 6.741e-05 time_compute= 0.19163263
( 256 0.95 11.3 6.92 ) Verror= 0.00050084 Werror= 6.733e-05 time_compute= 0.20692408
( 256 0.95 11.3 7.140000000000001 ) Verror= 0.00050133 Werror= 6.733e-05 time_compute= 0.21660709
( 256 0.95 11.3 7.359999999999999 ) Verror= 0.00050132 Werror= 6.733e-05 time_compute= 0.26452672
( 256 0.95 11.3 7.58 ) Verror= 0.00050131 Werror= 6.733e-05 time_compute= 0.26606512
( 256 0.95 11.3 7.8 ) Verror= 0.00050131 Werror= 6.733e-05 time_compute= 0.27909434
( 256 0.95 11.3 8.02 ) Verror= 0.00050131 Werror= 6.733e-05 time_compute= 0.26236403
( 256 0.95 11.3 8.24 ) Verror= 0.00050111 Werror= 6.726e-05 time_compute= 0.29900122
( 256 0.95 11.3 8.46 ) Verror= 0.00050098 Werror= 6.718e-05 time_compute= 0.31003022
( 256 0.95 11.3 8.68 ) Verror= 0.00050098 Werror= 6.718e-05 time_compute= 0.29278445
( 256 0.95 11.6 4.5 ) Verror= 0.00174173 Werror= 0.0014681 time_compute= 0.12237787
( 256 0.95 11.6 4.72 ) Verror= 0.00133933 Werror= 0.00090075 time_compute= 0.12913477
( 256 0.95 11.6 4.94 ) Verror= 0.00100779 Werror= 0.00054066 time_compute= 0.13724828
( 256 0.95 11.6 5.16 ) Verror= 0.00077247 Werror= 0.00032045 time_compute= 0.14552224
( 256 0.95 11.6 5.38 ) Verror= 0.00062952 Werror= 0.00019188 time_compute= 0.15458298
( 256 0.95 11.6 5.6 ) Verror= 0.00055469 Werror= 0.00012186 time_compute= 0.16419029
( 256 0.95 11.6 5.82 ) Verror= 0.00052135 Werror= 8.798e-05 time_compute= 0.16103196
( 256 0.95 11.6 6.04 ) Verror= 0.00050761 Werror= 7.39e-05 time_compute= 0.1859864
( 256 0.95 11.6 6.26 ) Verror= 0.00050293 Werror= 6.917e-05 time_compute= 0.18193471
( 256 0.95 11.6 6.48 ) Verror= 0.00050143 Werror= 6.777e-05 time_compute= 0.2102505
( 256 0.95 11.6 6.7 ) Verror= 0.00050097 Werror= 6.741e-05 time_compute= 0.21462595
( 256 0.95 11.6 6.92 ) Verror= 0.00050084 Werror= 6.733e-05 time_compute= 0.20546389
( 256 0.95 11.6 7.140000000000001 ) Verror= 0.00050133 Werror= 6.733e-05 time_compute= 0.25010467
( 256 0.95 11.6 7.359999999999999 ) Verror= 0.00050131 Werror= 6.733e-05 time_compute= 0.2607013
( 256 0.95 11.6 7.58 ) Verror= 0.00050131 Werror= 6.733e-05 time_compute= 0.27210534
( 256 0.95 11.6 7.8 ) Verror= 0.00050131 Werror= 6.733e-05 time_compute= 0.2740761
( 256 0.95 11.6 8.02 ) Verror= 0.00050131 Werror= 6.733e-05 time_compute= 0.30153811
( 256 0.95 11.6 8.24 ) Verror= 0.00050111 Werror= 6.726e-05 time_compute= 0.29086387
( 256 0.95 11.6 8.46 ) Verror= 0.00050099 Werror= 6.718e-05 time_compute= 0.30909157
( 256 0.95 11.6 8.68 ) Verror= 0.00050099 Werror= 6.718e-05 time_compute= 0.32241952
( 256 0.95 11.9 4.5 ) Verror= 0.00174173 Werror= 0.0014681 time_compute= 0.12203598
( 256 0.95 11.9 4.72 ) Verror= 0.00133933 Werror= 0.00090075 time_compute= 0.12404788
( 256 0.95 11.9 4.94 ) Verror= 0.00100779 Werror= 0.00054066 time_compute= 0.13827157
( 256 0.95 11.9 5.16 ) Verror= 0.00077247 Werror= 0.00032045 time_compute= 0.14563107
( 256 0.95 11.9 5.38 ) Verror= 0.00062952 Werror= 0.00019187 time_compute= 0.15418172
( 256 0.95 11.9 5.6 ) Verror= 0.00055469 Werror= 0.00012186 time_compute= 0.16440761
( 256 0.95 11.9 5.82 ) Verror= 0.00052135 Werror= 8.798e-05 time_compute= 0.17444742
( 256 0.95 11.9 6.04 ) Verror= 0.00050761 Werror= 7.39e-05 time_compute= 0.17711174
( 256 0.95 11.9 6.26 ) Verror= 0.00050294 Werror= 6.917e-05 time_compute= 0.19243252
( 256 0.95 11.9 6.48 ) Verror= 0.00050144 Werror= 6.777e-05 time_compute= 0.19606781
( 256 0.95 11.9 6.7 ) Verror= 0.00050097 Werror= 6.741e-05 time_compute= 0.2135247
( 256 0.95 11.9 6.92 ) Verror= 0.00050085 Werror= 6.733e-05 time_compute= 0.23069215
( 256 0.95 11.9 7.140000000000001 ) Verror= 0.00050133 Werror= 6.733e-05 time_compute= 0.24343097
( 256 0.95 11.9 7.359999999999999 ) Verror= 0.00050131 Werror= 6.733e-05 time_compute= 0.26402879
( 256 0.95 11.9 7.58 ) Verror= 0.00050131 Werror= 6.732e-05 time_compute= 0.27195001
( 256 0.95 11.9 7.8 ) Verror= 0.00050131 Werror= 6.733e-05 time_compute= 0.25164378
( 256 0.95 11.9 8.02 ) Verror= 0.00050131 Werror= 6.733e-05 time_compute= 0.26230299
( 256 0.95 11.9 8.24 ) Verror= 0.00050111 Werror= 6.726e-05 time_compute= 0.3169843
( 256 0.95 11.9 8.46 ) Verror= 0.00050098 Werror= 6.718e-05 time_compute= 0.32852972
( 256 0.95 11.9 8.68 ) Verror= 0.00050099 Werror= 6.718e-05 time_compute= 0.3285532
( 256 0.95 12.2 4.5 ) Verror= 0.00174174 Werror= 0.0014681 time_compute= 0.13464642
( 256 0.95 12.2 4.72 ) Verror= 0.00133935 Werror= 0.00090075 time_compute= 0.14076388
( 256 0.95 12.2 4.94 ) Verror= 0.0010078 Werror= 0.00054066 time_compute= 0.1396091
( 256 0.95 12.2 5.16 ) Verror= 0.00077248 Werror= 0.00032045 time_compute= 0.15678489
( 256 0.95 12.2 5.38 ) Verror= 0.00062952 Werror= 0.00019188 time_compute= 0.15847743
( 256 0.95 12.2 5.6 ) Verror= 0.0005547 Werror= 0.00012187 time_compute= 0.15968966
( 256 0.95 12.2 5.82 ) Verror= 0.00052135 Werror= 8.798e-05 time_compute= 0.16809845
( 256 0.95 12.2 6.04 ) Verror= 0.00050761 Werror= 7.39e-05 time_compute= 0.19730294
( 256 0.95 12.2 6.26 ) Verror= 0.00050293 Werror= 6.917e-05 time_compute= 0.20666409
( 256 0.95 12.2 6.48 ) Verror= 0.00050143 Werror= 6.777e-05 time_compute= 0.21070158
( 256 0.95 12.2 6.7 ) Verror= 0.00050096 Werror= 6.741e-05 time_compute= 0.21203148
( 256 0.95 12.2 6.92 ) Verror= 0.00050084 Werror= 6.733e-05 time_compute= 0.24905419
( 256 0.95 12.2 7.140000000000001 ) Verror= 0.00050132 Werror= 6.733e-05 time_compute= 0.24293971
( 256 0.95 12.2 7.359999999999999 ) Verror= 0.00050131 Werror= 6.733e-05 time_compute= 0.23756135
( 256 0.95 12.2 7.58 ) Verror= 0.0005013 Werror= 6.733e-05 time_compute= 0.27071083
( 256 0.95 12.2 7.8 ) Verror= 0.0005013 Werror= 6.733e-05 time_compute= 0.29811621
( 256 0.95 12.2 8.02 ) Verror= 0.0005013 Werror= 6.733e-05 time_compute= 0.30872929
( 256 0.95 12.2 8.24 ) Verror= 0.00050111 Werror= 6.726e-05 time_compute= 0.29528058
( 256 0.95 12.2 8.46 ) Verror= 0.00050098 Werror= 6.718e-05 time_compute= 0.29681599
( 256 0.95 12.2 8.68 ) Verror= 0.00050098 Werror= 6.718e-05 time_compute= 0.33465719
( 256 0.95 12.5 4.5 ) Verror= 0.00174175 Werror= 0.0014681 time_compute= 0.13423896
( 256 0.95 12.5 4.72 ) Verror= 0.00133935 Werror= 0.00090075 time_compute= 0.13837135
( 256 0.95 12.5 4.94 ) Verror= 0.00100781 Werror= 0.00054066 time_compute= 0.13936973
( 256 0.95 12.5 5.16 ) Verror= 0.00077248 Werror= 0.00032045 time_compute= 0.15665972
( 256 0.95 12.5 5.38 ) Verror= 0.00062952 Werror= 0.00019188 time_compute= 0.16638088
( 256 0.95 12.5 5.6 ) Verror= 0.00055469 Werror= 0.00012187 time_compute= 0.15920889
( 256 0.95 12.5 5.82 ) Verror= 0.00052135 Werror= 8.798e-05 time_compute= 0.18548608
( 256 0.95 12.5 6.04 ) Verror= 0.00050761 Werror= 7.39e-05 time_compute= 0.19744897
( 256 0.95 12.5 6.26 ) Verror= 0.00050293 Werror= 6.917e-05 time_compute= 0.19566393
( 256 0.95 12.5 6.48 ) Verror= 0.00050143 Werror= 6.777e-05 time_compute= 0.22136641
( 256 0.95 12.5 6.7 ) Verror= 0.00050096 Werror= 6.741e-05 time_compute= 0.2329179
( 256 0.95 12.5 6.92 ) Verror= 0.00050084 Werror= 6.733e-05 time_compute= 0.23179996
( 256 0.95 12.5 7.140000000000001 ) Verror= 0.00050132 Werror= 6.733e-05 time_compute= 0.24298298
( 256 0.95 12.5 7.359999999999999 ) Verror= 0.00050131 Werror= 6.733e-05 time_compute= 0.25549471
( 256 0.95 12.5 7.58 ) Verror= 0.00050131 Werror= 6.733e-05 time_compute= 0.28459477
( 256 0.95 12.5 7.8 ) Verror= 0.0005013 Werror= 6.733e-05 time_compute= 0.26471663
( 256 0.95 12.5 8.02 ) Verror= 0.00050131 Werror= 6.733e-05 time_compute= 0.27818346
( 256 0.95 12.5 8.24 ) Verror= 0.00050111 Werror= 6.726e-05 time_compute= 0.31675291
( 256 0.95 12.5 8.46 ) Verror= 0.00050098 Werror= 6.718e-05 time_compute= 0.32267046
( 256 0.95 12.5 8.68 ) Verror= 0.00050098 Werror= 6.718e-05 time_compute= 0.31779301
( 256 0.95 12.8 4.5 ) Verror= 0.00174175 Werror= 0.0014681 time_compute= 0.13377237
( 256 0.95 12.8 4.72 ) Verror= 0.00133935 Werror= 0.00090075 time_compute= 0.14051592
( 256 0.95 12.8 4.94 ) Verror= 0.00100781 Werror= 0.00054066 time_compute= 0.14345527
( 256 0.95 12.8 5.16 ) Verror= 0.00077248 Werror= 0.00032045 time_compute= 0.15209603
( 256 0.95 12.8 5.38 ) Verror= 0.00062952 Werror= 0.00019188 time_compute= 0.16563988
( 256 0.95 12.8 5.6 ) Verror= 0.0005547 Werror= 0.00012187 time_compute= 0.16188908
( 256 0.95 12.8 5.82 ) Verror= 0.00052135 Werror= 8.798e-05 time_compute= 0.17551911
( 256 0.95 12.8 6.04 ) Verror= 0.00050761 Werror= 7.39e-05 time_compute= 0.19758618
( 256 0.95 12.8 6.26 ) Verror= 0.00050293 Werror= 6.917e-05 time_compute= 0.20728064
( 256 0.95 12.8 6.48 ) Verror= 0.00050143 Werror= 6.777e-05 time_compute= 0.22093403
( 256 0.95 12.8 6.7 ) Verror= 0.00050096 Werror= 6.741e-05 time_compute= 0.23099363
( 256 0.95 12.8 6.92 ) Verror= 0.00050084 Werror= 6.733e-05 time_compute= 0.21784556
( 256 0.95 12.8 7.140000000000001 ) Verror= 0.00050132 Werror= 6.733e-05 time_compute= 0.23567188
( 256 0.95 12.8 7.359999999999999 ) Verror= 0.00050131 Werror= 6.733e-05 time_compute= 0.25163674
( 256 0.95 12.8 7.58 ) Verror= 0.0005013 Werror= 6.733e-05 time_compute= 0.24251652
( 256 0.95 12.8 7.8 ) Verror= 0.0005013 Werror= 6.733e-05 time_compute= 0.25936973
( 256 0.95 12.8 8.02 ) Verror= 0.0005013 Werror= 6.733e-05 time_compute= 0.29065013
( 256 0.95 12.8 8.24 ) Verror= 0.00050111 Werror= 6.726e-05 time_compute= 0.31036389
( 256 0.95 12.8 8.46 ) Verror= 0.00050098 Werror= 6.718e-05 time_compute= 0.33064508
( 256 0.95 12.8 8.68 ) Verror= 0.00050098 Werror= 6.718e-05 time_compute= 0.33356619
( 256 0.95 13.1 4.5 ) Verror= 0.00174175 Werror= 0.0014681 time_compute= 0.13429821
( 256 0.95 13.1 4.72 ) Verror= 0.00133935 Werror= 0.00090075 time_compute= 0.14051676
( 256 0.95 13.1 4.94 ) Verror= 0.0010078 Werror= 0.00054066 time_compute= 0.14336371
( 256 0.95 13.1 5.16 ) Verror= 0.00077248 Werror= 0.00032045 time_compute= 0.15584517
( 256 0.95 13.1 5.38 ) Verror= 0.00062952 Werror= 0.00019188 time_compute= 0.16053355
( 256 0.95 13.1 5.6 ) Verror= 0.00055469 Werror= 0.00012187 time_compute= 0.1755451
( 256 0.95 13.1 5.82 ) Verror= 0.00052135 Werror= 8.798e-05 time_compute= 0.17839944
( 256 0.95 13.1 6.04 ) Verror= 0.00050761 Werror= 7.39e-05 time_compute= 0.19122374
( 256 0.95 13.1 6.26 ) Verror= 0.00050293 Werror= 6.917e-05 time_compute= 0.20675254
( 256 0.95 13.1 6.48 ) Verror= 0.00050143 Werror= 6.777e-05 time_compute= 0.22076917
( 256 0.95 13.1 6.7 ) Verror= 0.00050096 Werror= 6.741e-05 time_compute= 0.20076585
( 256 0.95 13.1 6.92 ) Verror= 0.00050085 Werror= 6.733e-05 time_compute= 0.21726489
( 256 0.95 13.1 7.140000000000001 ) Verror= 0.00050132 Werror= 6.733e-05 time_compute= 0.22872829
( 256 0.95 13.1 7.359999999999999 ) Verror= 0.00050131 Werror= 6.733e-05 time_compute= 0.26172447
( 256 0.95 13.1 7.58 ) Verror= 0.00050131 Werror= 6.733e-05 time_compute= 0.2872355
( 256 0.95 13.1 7.8 ) Verror= 0.0005013 Werror= 6.733e-05 time_compute= 0.2777828
( 256 0.95 13.1 8.02 ) Verror= 0.00050131 Werror= 6.733e-05 time_compute= 0.29596376
( 256 0.95 13.1 8.24 ) Verror= 0.00050111 Werror= 6.726e-05 time_compute= 0.31777823
( 256 0.95 13.1 8.46 ) Verror= 0.00050098 Werror= 6.718e-05 time_compute= 0.29491341
( 256 0.95 13.1 8.68 ) Verror= 0.00050098 Werror= 6.718e-05 time_compute= 0.30272174
( 256 0.95 13.399999999999999 4.5 ) Verror= 0.00174177 Werror= 0.0014681 time_compute= 0.14916253
( 256 0.95 13.399999999999999 4.72 ) Verror= 0.00133937 Werror= 0.00090075 time_compute= 0.15542006
( 256 0.95 13.399999999999999 4.94 ) Verror= 0.00100782 Werror= 0.00054066 time_compute= 0.16478944
( 256 0.95 13.399999999999999 5.16 ) Verror= 0.00077249 Werror= 0.00032045 time_compute= 0.17244244
( 256 0.95 13.399999999999999 5.38 ) Verror= 0.00062952 Werror= 0.00019188 time_compute= 0.16606665
( 256 0.95 13.399999999999999 5.6 ) Verror= 0.0005547 Werror= 0.00012187 time_compute= 0.17495775
( 256 0.95 13.399999999999999 5.82 ) Verror= 0.00052135 Werror= 8.798e-05 time_compute= 0.19433928
( 256 0.95 13.399999999999999 6.04 ) Verror= 0.00050761 Werror= 7.39e-05 time_compute= 0.19732809
( 256 0.95 13.399999999999999 6.26 ) Verror= 0.00050293 Werror= 6.917e-05 time_compute= 0.22157788
( 256 0.95 13.399999999999999 6.48 ) Verror= 0.00050143 Werror= 6.777e-05 time_compute= 0.23702228
( 256 0.95 13.399999999999999 6.7 ) Verror= 0.00050096 Werror= 6.742e-05 time_compute= 0.2317003
( 256 0.95 13.399999999999999 6.92 ) Verror= 0.00050085 Werror= 6.733e-05 time_compute= 0.22955191
( 256 0.95 13.399999999999999 7.140000000000001 ) Verror= 0.00050132 Werror= 6.733e-05 time_compute= 0.24997008
( 256 0.95 13.399999999999999 7.359999999999999 ) Verror= 0.00050131 Werror= 6.733e-05 time_compute= 0.26923537
( 256 0.95 13.399999999999999 7.58 ) Verror= 0.0005013 Werror= 6.733e-05 time_compute= 0.28468287
( 256 0.95 13.399999999999999 7.8 ) Verror= 0.0005013 Werror= 6.733e-05 time_compute= 0.27195656
( 256 0.95 13.399999999999999 8.02 ) Verror= 0.0005013 Werror= 6.733e-05 time_compute= 0.30561697
( 256 0.95 13.399999999999999 8.24 ) Verror= 0.00050111 Werror= 6.726e-05 time_compute= 0.30687654
( 256 0.95 13.399999999999999 8.46 ) Verror= 0.00050098 Werror= 6.718e-05 time_compute= 0.34436524
( 256 0.95 13.399999999999999 8.68 ) Verror= 0.00050098 Werror= 6.718e-05 time_compute= 0.33714247
( 256 0.95 13.7 4.5 ) Verror= 0.00174177 Werror= 0.0014681 time_compute= 0.14559519
( 256 0.95 13.7 4.72 ) Verror= 0.00133937 Werror= 0.00090075 time_compute= 0.14858019
( 256 0.95 13.7 4.94 ) Verror= 0.00100782 Werror= 0.00054066 time_compute= 0.15475404
( 256 0.95 13.7 5.16 ) Verror= 0.00077249 Werror= 0.00032045 time_compute= 0.16813922
( 256 0.95 13.7 5.38 ) Verror= 0.00062953 Werror= 0.00019188 time_compute= 0.18016386
( 256 0.95 13.7 5.6 ) Verror= 0.0005547 Werror= 0.00012187 time_compute= 0.18927872
( 256 0.95 13.7 5.82 ) Verror= 0.00052135 Werror= 8.798e-05 time_compute= 0.19971311
( 256 0.95 13.7 6.04 ) Verror= 0.00050761 Werror= 7.39e-05 time_compute= 0.21050179
( 256 0.95 13.7 6.26 ) Verror= 0.00050293 Werror= 6.917e-05 time_compute= 0.21978402
( 256 0.95 13.7 6.48 ) Verror= 0.00050143 Werror= 6.777e-05 time_compute= 0.20457721
( 256 0.95 13.7 6.7 ) Verror= 0.00050096 Werror= 6.741e-05 time_compute= 0.23868644
( 256 0.95 13.7 6.92 ) Verror= 0.00050084 Werror= 6.733e-05 time_compute= 0.2636224
( 256 0.95 13.7 7.140000000000001 ) Verror= 0.00050132 Werror= 6.733e-05 time_compute= 0.26241207
( 256 0.95 13.7 7.359999999999999 ) Verror= 0.00050131 Werror= 6.733e-05 time_compute= 0.26294589
( 256 0.95 13.7 7.58 ) Verror= 0.0005013 Werror= 6.733e-05 time_compute= 0.28739917
( 256 0.95 13.7 7.8 ) Verror= 0.0005013 Werror= 6.733e-05 time_compute= 0.30020213
( 256 0.95 13.7 8.02 ) Verror= 0.0005013 Werror= 6.733e-05 time_compute= 0.32077563
( 256 0.95 13.7 8.24 ) Verror= 0.0005011 Werror= 6.726e-05 time_compute= 0.29657304
( 256 0.95 13.7 8.46 ) Verror= 0.00050098 Werror= 6.718e-05 time_compute= 0.33069122
( 256 0.95 13.7 8.68 ) Verror= 0.00050098 Werror= 6.718e-05 time_compute= 0.32201469
( 256 0.97 8.0 4.5 ) Verror= 0.01038395 Werror= 0.00151059 time_compute= 0.09822237
( 256 0.97 8.0 4.72 ) Verror= 0.01033491 Werror= 0.00100188 time_compute= 0.10692263
( 256 0.97 8.0 4.94 ) Verror= 0.01030896 Werror= 0.0007061 time_compute= 0.11385977
( 256 0.97 8.0 5.16 ) Verror= 0.01029856 Werror= 0.0005517 time_compute= 0.12323773
( 256 0.97 8.0 5.38 ) Verror= 0.01029524 Werror= 0.0004804 time_compute= 0.13265002
( 256 0.97 8.0 5.6 ) Verror= 0.01029473 Werror= 0.00045067 time_compute= 0.14294028
( 256 0.97 8.0 5.82 ) Verror= 0.01029517 Werror= 0.00043891 time_compute= 0.15415215
( 256 0.97 8.0 6.04 ) Verror= 0.01029592 Werror= 0.00043434 time_compute= 0.16828966
( 256 0.97 8.0 6.26 ) Verror= 0.01029657 Werror= 0.00043252 time_compute= 0.17687917
( 256 0.97 8.0 6.48 ) Verror= 0.01029681 Werror= 0.00043176 time_compute= 0.18589771
( 256 0.97 8.0 6.7 ) Verror= 0.01029695 Werror= 0.00043143 time_compute= 0.20385575
( 256 0.97 8.0 6.92 ) Verror= 0.0102971 Werror= 0.00043129 time_compute= 0.19179189
( 256 0.97 8.0 7.140000000000001 ) Verror= 0.01029771 Werror= 0.00043125 time_compute= 0.21225369
( 256 0.97 8.0 7.359999999999999 ) Verror= 0.01029779 Werror= 0.00043122 time_compute= 0.2483592
( 256 0.97 8.0 7.58 ) Verror= 0.0102978 Werror= 0.00043121 time_compute= 0.23590004
( 256 0.97 8.0 7.8 ) Verror= 0.01029781 Werror= 0.00043121 time_compute= 0.27357197
( 256 0.97 8.0 8.02 ) Verror= 0.01029758 Werror= 0.00043114 time_compute= 0.27002132
( 256 0.97 8.0 8.24 ) Verror= 0.01029757 Werror= 0.00043113 time_compute= 0.29817855
( 256 0.97 8.0 8.46 ) Verror= 0.01029746 Werror= 0.00043106 time_compute= 0.29198122
( 256 0.97 8.0 8.68 ) Verror= 0.01029745 Werror= 0.00043105 time_compute= 0.33299887
( 256 0.97 8.3 4.5 ) Verror= 0.01038389 Werror= 0.00151059 time_compute= 0.09854841
( 256 0.97 8.3 4.72 ) Verror= 0.01033491 Werror= 0.00100188 time_compute= 0.1072495
( 256 0.97 8.3 4.94 ) Verror= 0.01030899 Werror= 0.0007061 time_compute= 0.11486232
( 256 0.97 8.3 5.16 ) Verror= 0.01029859 Werror= 0.00055171 time_compute= 0.11869216
( 256 0.97 8.3 5.38 ) Verror= 0.01029526 Werror= 0.0004804 time_compute= 0.13273168
( 256 0.97 8.3 5.6 ) Verror= 0.01029477 Werror= 0.00045067 time_compute= 0.13627553
( 256 0.97 8.3 5.82 ) Verror= 0.01029518 Werror= 0.00043891 time_compute= 0.14925611
( 256 0.97 8.3 6.04 ) Verror= 0.01029595 Werror= 0.00043434 time_compute= 0.16669858
( 256 0.97 8.3 6.26 ) Verror= 0.0102966 Werror= 0.00043252 time_compute= 0.16522217
( 256 0.97 8.3 6.48 ) Verror= 0.01029681 Werror= 0.00043176 time_compute= 0.17643309
( 256 0.97 8.3 6.7 ) Verror= 0.01029697 Werror= 0.00043143 time_compute= 0.19765103
( 256 0.97 8.3 6.92 ) Verror= 0.01029704 Werror= 0.00043129 time_compute= 0.21583498
( 256 0.97 8.3 7.140000000000001 ) Verror= 0.01029779 Werror= 0.00043125 time_compute= 0.21020591
( 256 0.97 8.3 7.359999999999999 ) Verror= 0.01029779 Werror= 0.00043122 time_compute= 0.24086547
( 256 0.97 8.3 7.58 ) Verror= 0.01029778 Werror= 0.00043121 time_compute= 0.24526095
( 256 0.97 8.3 7.8 ) Verror= 0.01029785 Werror= 0.00043121 time_compute= 0.23884368
( 256 0.97 8.3 8.02 ) Verror= 0.01029755 Werror= 0.00043113 time_compute= 0.2749567
( 256 0.97 8.3 8.24 ) Verror= 0.01029755 Werror= 0.00043113 time_compute= 0.28413951
( 256 0.97 8.3 8.46 ) Verror= 0.01029737 Werror= 0.00043106 time_compute= 0.28106296
( 256 0.97 8.3 8.68 ) Verror= 0.01029741 Werror= 0.00043105 time_compute= 0.29496205
( 256 0.97 8.6 4.5 ) Verror= 0.01038385 Werror= 0.00151059 time_compute= 0.09866023
( 256 0.97 8.6 4.72 ) Verror= 0.01033497 Werror= 0.00100188 time_compute= 0.10701752
( 256 0.97 8.6 4.94 ) Verror= 0.01030902 Werror= 0.0007061 time_compute= 0.11479986
( 256 0.97 8.6 5.16 ) Verror= 0.01029863 Werror= 0.0005517 time_compute= 0.12332487
( 256 0.97 8.6 5.38 ) Verror= 0.01029524 Werror= 0.0004804 time_compute= 0.13295913
( 256 0.97 8.6 5.6 ) Verror= 0.01029473 Werror= 0.00045067 time_compute= 0.13665402
( 256 0.97 8.6 5.82 ) Verror= 0.0102952 Werror= 0.00043891 time_compute= 0.15066409
( 256 0.97 8.6 6.04 ) Verror= 0.01029591 Werror= 0.00043434 time_compute= 0.16636503
( 256 0.97 8.6 6.26 ) Verror= 0.01029662 Werror= 0.00043252 time_compute= 0.16210949
( 256 0.97 8.6 6.48 ) Verror= 0.01029681 Werror= 0.00043176 time_compute= 0.19338965
( 256 0.97 8.6 6.7 ) Verror= 0.01029702 Werror= 0.00043143 time_compute= 0.20548677
( 256 0.97 8.6 6.92 ) Verror= 0.01029713 Werror= 0.00043129 time_compute= 0.19523633
( 256 0.97 8.6 7.140000000000001 ) Verror= 0.01029777 Werror= 0.00043125 time_compute= 0.20403075
( 256 0.97 8.6 7.359999999999999 ) Verror= 0.01029781 Werror= 0.00043122 time_compute= 0.2241894
( 256 0.97 8.6 7.58 ) Verror= 0.01029783 Werror= 0.00043121 time_compute= 0.24683428
( 256 0.97 8.6 7.8 ) Verror= 0.0102978 Werror= 0.00043121 time_compute= 0.24065578
( 256 0.97 8.6 8.02 ) Verror= 0.0102975 Werror= 0.00043113 time_compute= 0.262604
( 256 0.97 8.6 8.24 ) Verror= 0.01029754 Werror= 0.00043113 time_compute= 0.26905143
( 256 0.97 8.6 8.46 ) Verror= 0.0102974 Werror= 0.00043106 time_compute= 0.30297184
( 256 0.97 8.6 8.68 ) Verror= 0.01029748 Werror= 0.00043106 time_compute= 0.33412623
( 256 0.97 8.9 4.5 ) Verror= 0.00181048 Werror= 0.0014259 time_compute= 0.10880125
( 256 0.97 8.9 4.72 ) Verror= 0.00136359 Werror= 0.00087247 time_compute= 0.11522818
( 256 0.97 8.9 4.94 ) Verror= 0.00099863 Werror= 0.00052239 time_compute= 0.12544835
( 256 0.97 8.9 5.16 ) Verror= 0.0007374 Werror= 0.00030692 time_compute= 0.13539875
( 256 0.97 8.9 5.38 ) Verror= 0.00057693 Werror= 0.00017983 time_compute= 0.14341426
( 256 0.97 8.9 5.6 ) Verror= 0.00049203 Werror= 0.00010752 time_compute= 0.15405607
( 256 0.97 8.9 5.82 ) Verror= 0.00045405 Werror= 7.028e-05 time_compute= 0.15511143
( 256 0.97 8.9 6.04 ) Verror= 0.00043995 Werror= 5.366e-05 time_compute= 0.16385925
( 256 0.97 8.9 6.26 ) Verror= 0.0004353 Werror= 4.746e-05 time_compute= 0.16843188
( 256 0.97 8.9 6.48 ) Verror= 0.00043399 Werror= 4.551e-05 time_compute= 0.18089223
( 256 0.97 8.9 6.7 ) Verror= 0.00043367 Werror= 4.495e-05 time_compute= 0.21420717
( 256 0.97 8.9 6.92 ) Verror= 0.00043355 Werror= 4.479e-05 time_compute= 0.22676694
( 256 0.97 8.9 7.140000000000001 ) Verror= 0.00043414 Werror= 4.477e-05 time_compute= 0.21017754
( 256 0.97 8.9 7.359999999999999 ) Verror= 0.00043415 Werror= 4.476e-05 time_compute= 0.22872734
( 256 0.97 8.9 7.58 ) Verror= 0.00043417 Werror= 4.475e-05 time_compute= 0.27175915
( 256 0.97 8.9 7.8 ) Verror= 0.00043417 Werror= 4.475e-05 time_compute= 0.25540626
( 256 0.97 8.9 8.02 ) Verror= 0.00043397 Werror= 4.468e-05 time_compute= 0.2823385
( 256 0.97 8.9 8.24 ) Verror= 0.00043391 Werror= 4.468e-05 time_compute= 0.27898335
( 256 0.97 8.9 8.46 ) Verror= 0.00043383 Werror= 4.46e-05 time_compute= 0.32259071
( 256 0.97 8.9 8.68 ) Verror= 0.00043377 Werror= 4.46e-05 time_compute= 0.34341967
( 256 0.97 9.2 4.5 ) Verror= 0.00181047 Werror= 0.0014259 time_compute= 0.10933244
( 256 0.97 9.2 4.72 ) Verror= 0.00136358 Werror= 0.00087247 time_compute= 0.11435533
( 256 0.97 9.2 4.94 ) Verror= 0.00099864 Werror= 0.00052239 time_compute= 0.12551403
( 256 0.97 9.2 5.16 ) Verror= 0.00073738 Werror= 0.00030692 time_compute= 0.1349442
( 256 0.97 9.2 5.38 ) Verror= 0.00057698 Werror= 0.00017983 time_compute= 0.14212704
( 256 0.97 9.2 5.6 ) Verror= 0.00049209 Werror= 0.00010752 time_compute= 0.15391695
( 256 0.97 9.2 5.82 ) Verror= 0.00045405 Werror= 7.028e-05 time_compute= 0.16486561
( 256 0.97 9.2 6.04 ) Verror= 0.00043995 Werror= 5.366e-05 time_compute= 0.16717994
( 256 0.97 9.2 6.26 ) Verror= 0.00043532 Werror= 4.746e-05 time_compute= 0.18581915
( 256 0.97 9.2 6.48 ) Verror= 0.00043399 Werror= 4.551e-05 time_compute= 0.18584454
( 256 0.97 9.2 6.7 ) Verror= 0.00043361 Werror= 4.495e-05 time_compute= 0.20003951
( 256 0.97 9.2 6.92 ) Verror= 0.00043359 Werror= 4.479e-05 time_compute= 0.21014822
( 256 0.97 9.2 7.140000000000001 ) Verror= 0.00043411 Werror= 4.477e-05 time_compute= 0.2423594
( 256 0.97 9.2 7.359999999999999 ) Verror= 0.00043414 Werror= 4.476e-05 time_compute= 0.24138212
( 256 0.97 9.2 7.58 ) Verror= 0.00043417 Werror= 4.475e-05 time_compute= 0.25485229
( 256 0.97 9.2 7.8 ) Verror= 0.00043416 Werror= 4.475e-05 time_compute= 0.26738656
( 256 0.97 9.2 8.02 ) Verror= 0.00043398 Werror= 4.468e-05 time_compute= 0.2588563
( 256 0.97 9.2 8.24 ) Verror= 0.00043397 Werror= 4.468e-05 time_compute= 0.29989755
( 256 0.97 9.2 8.46 ) Verror= 0.00043379 Werror= 4.46e-05 time_compute= 0.2941308
( 256 0.97 9.2 8.68 ) Verror= 0.00043379 Werror= 4.46e-05 time_compute= 0.30599368
( 256 0.97 9.5 4.5 ) Verror= 0.00181048 Werror= 0.0014259 time_compute= 0.10938251
( 256 0.97 9.5 4.72 ) Verror= 0.00136357 Werror= 0.00087247 time_compute= 0.11801827
( 256 0.97 9.5 4.94 ) Verror= 0.00099863 Werror= 0.00052239 time_compute= 0.12562919
( 256 0.97 9.5 5.16 ) Verror= 0.00073737 Werror= 0.00030692 time_compute= 0.13387251
( 256 0.97 9.5 5.38 ) Verror= 0.00057694 Werror= 0.00017983 time_compute= 0.13575327
( 256 0.97 9.5 5.6 ) Verror= 0.00049206 Werror= 0.00010752 time_compute= 0.15353417
( 256 0.97 9.5 5.82 ) Verror= 0.00045407 Werror= 7.028e-05 time_compute= 0.16468346
( 256 0.97 9.5 6.04 ) Verror= 0.00043996 Werror= 5.366e-05 time_compute= 0.17759216
( 256 0.97 9.5 6.26 ) Verror= 0.0004353 Werror= 4.746e-05 time_compute= 0.18749857
( 256 0.97 9.5 6.48 ) Verror= 0.00043395 Werror= 4.551e-05 time_compute= 0.20271242
( 256 0.97 9.5 6.7 ) Verror= 0.00043364 Werror= 4.495e-05 time_compute= 0.19094634
( 256 0.97 9.5 6.92 ) Verror= 0.00043356 Werror= 4.479e-05 time_compute= 0.22392321
( 256 0.97 9.5 7.140000000000001 ) Verror= 0.00043413 Werror= 4.477e-05 time_compute= 0.22680056
( 256 0.97 9.5 7.359999999999999 ) Verror= 0.00043414 Werror= 4.476e-05 time_compute= 0.24745369
( 256 0.97 9.5 7.58 ) Verror= 0.00043414 Werror= 4.475e-05 time_compute= 0.24141181
( 256 0.97 9.5 7.8 ) Verror= 0.00043416 Werror= 4.475e-05 time_compute= 0.2869314
( 256 0.97 9.5 8.02 ) Verror= 0.00043395 Werror= 4.468e-05 time_compute= 0.30219603
( 256 0.97 9.5 8.24 ) Verror= 0.00043394 Werror= 4.468e-05 time_compute= 0.28891277
( 256 0.97 9.5 8.46 ) Verror= 0.00043386 Werror= 4.46e-05 time_compute= 0.31286132
( 256 0.97 9.5 8.68 ) Verror= 0.00043378 Werror= 4.46e-05 time_compute= 0.30214024
( 256 0.97 9.8 4.5 ) Verror= 0.00180539 Werror= 0.00142641 time_compute= 0.11862242
( 256 0.97 9.8 4.72 ) Verror= 0.00135413 Werror= 0.00087278 time_compute= 0.12647486
( 256 0.97 9.8 4.94 ) Verror= 0.00098298 Werror= 0.00052251 time_compute= 0.12807071
( 256 0.97 9.8 5.16 ) Verror= 0.0007129 Werror= 0.00030685 time_compute= 0.14267349
( 256 0.97 9.8 5.38 ) Verror= 0.00054272 Werror= 0.0001796 time_compute= 0.14158237
( 256 0.97 9.8 5.6 ) Verror= 0.00044941 Werror= 0.0001071 time_compute= 0.16203666
( 256 0.97 9.8 5.82 ) Verror= 0.00040594 Werror= 6.972e-05 time_compute= 0.17366838
( 256 0.97 9.8 6.04 ) Verror= 0.00038913 Werror= 5.301e-05 time_compute= 0.17594659
( 256 0.97 9.8 6.26 ) Verror= 0.00038338 Werror= 4.678e-05 time_compute= 0.19591987
( 256 0.97 9.8 6.48 ) Verror= 0.00038155 Werror= 4.485e-05 time_compute= 0.1988008
( 256 0.97 9.8 6.7 ) Verror= 0.00038108 Werror= 4.43e-05 time_compute= 0.20979655
( 256 0.97 9.8 6.92 ) Verror= 0.00038095 Werror= 4.416e-05 time_compute= 0.23547947
( 256 0.97 9.8 7.140000000000001 ) Verror= 0.00038146 Werror= 4.415e-05 time_compute= 0.21919405
( 256 0.97 9.8 7.359999999999999 ) Verror= 0.0003815 Werror= 4.414e-05 time_compute= 0.23079741
( 256 0.97 9.8 7.58 ) Verror= 0.00038148 Werror= 4.414e-05 time_compute= 0.24923325
( 256 0.97 9.8 7.8 ) Verror= 0.0003815 Werror= 4.413e-05 time_compute= 0.28938127
( 256 0.97 9.8 8.02 ) Verror= 0.00038128 Werror= 4.406e-05 time_compute= 0.2651161
( 256 0.97 9.8 8.24 ) Verror= 0.00038127 Werror= 4.406e-05 time_compute= 0.30379379
( 256 0.97 9.8 8.46 ) Verror= 0.00038111 Werror= 4.399e-05 time_compute= 0.33046067
( 256 0.97 9.8 8.68 ) Verror= 0.0003811 Werror= 4.398e-05 time_compute= 0.34575641
( 256 0.97 10.1 4.5 ) Verror= 0.00180539 Werror= 0.00142641 time_compute= 0.11819911
( 256 0.97 10.1 4.72 ) Verror= 0.00135413 Werror= 0.00087278 time_compute= 0.12653053
( 256 0.97 10.1 4.94 ) Verror= 0.000983 Werror= 0.00052251 time_compute= 0.13441312
( 256 0.97 10.1 5.16 ) Verror= 0.0007129 Werror= 0.00030685 time_compute= 0.1362803
( 256 0.97 10.1 5.38 ) Verror= 0.0005427 Werror= 0.0001796 time_compute= 0.1511575
( 256 0.97 10.1 5.6 ) Verror= 0.00044941 Werror= 0.0001071 time_compute= 0.1641506
( 256 0.97 10.1 5.82 ) Verror= 0.00040592 Werror= 6.972e-05 time_compute= 0.17352509
( 256 0.97 10.1 6.04 ) Verror= 0.00038916 Werror= 5.301e-05 time_compute= 0.18618309
( 256 0.97 10.1 6.26 ) Verror= 0.00038337 Werror= 4.678e-05 time_compute= 0.18795919
( 256 0.97 10.1 6.48 ) Verror= 0.00038157 Werror= 4.485e-05 time_compute= 0.18528581
( 256 0.97 10.1 6.7 ) Verror= 0.00038107 Werror= 4.43e-05 time_compute= 0.22090173
( 256 0.97 10.1 6.92 ) Verror= 0.00038095 Werror= 4.416e-05 time_compute= 0.21378338
( 256 0.97 10.1 7.140000000000001 ) Verror= 0.00038147 Werror= 4.415e-05 time_compute= 0.23505569
( 256 0.97 10.1 7.359999999999999 ) Verror= 0.00038148 Werror= 4.414e-05 time_compute= 0.24914789
( 256 0.97 10.1 7.58 ) Verror= 0.00038148 Werror= 4.414e-05 time_compute= 0.274194
( 256 0.97 10.1 7.8 ) Verror= 0.00038148 Werror= 4.413e-05 time_compute= 0.25820529
( 256 0.97 10.1 8.02 ) Verror= 0.00038126 Werror= 4.406e-05 time_compute= 0.28589964
( 256 0.97 10.1 8.24 ) Verror= 0.00038126 Werror= 4.406e-05 time_compute= 0.31597793
( 256 0.97 10.1 8.46 ) Verror= 0.00038113 Werror= 4.398e-05 time_compute= 0.31634176
( 256 0.97 10.1 8.68 ) Verror= 0.00038111 Werror= 4.398e-05 time_compute= 0.31209767
( 256 0.97 10.4 4.5 ) Verror= 0.00180539 Werror= 0.00142641 time_compute= 0.11836886
( 256 0.97 10.4 4.72 ) Verror= 0.00135413 Werror= 0.00087278 time_compute= 0.12662518
( 256 0.97 10.4 4.94 ) Verror= 0.00098298 Werror= 0.00052251 time_compute= 0.13460004
( 256 0.97 10.4 5.16 ) Verror= 0.0007129 Werror= 0.00030685 time_compute= 0.1428107
( 256 0.97 10.4 5.38 ) Verror= 0.00054273 Werror= 0.0001796 time_compute= 0.15245521
( 256 0.97 10.4 5.6 ) Verror= 0.00044939 Werror= 0.0001071 time_compute= 0.16194832
( 256 0.97 10.4 5.82 ) Verror= 0.00040594 Werror= 6.972e-05 time_compute= 0.17380857
( 256 0.97 10.4 6.04 ) Verror= 0.00038915 Werror= 5.301e-05 time_compute= 0.17070687
( 256 0.97 10.4 6.26 ) Verror= 0.00038337 Werror= 4.678e-05 time_compute= 0.1894275
( 256 0.97 10.4 6.48 ) Verror= 0.00038153 Werror= 4.485e-05 time_compute= 0.20987952
( 256 0.97 10.4 6.7 ) Verror= 0.00038105 Werror= 4.43e-05 time_compute= 0.19980168
( 256 0.97 10.4 6.92 ) Verror= 0.00038094 Werror= 4.416e-05 time_compute= 0.23053801
( 256 0.97 10.4 7.140000000000001 ) Verror= 0.00038147 Werror= 4.415e-05 time_compute= 0.24481177
( 256 0.97 10.4 7.359999999999999 ) Verror= 0.00038149 Werror= 4.414e-05 time_compute= 0.25444698
( 256 0.97 10.4 7.58 ) Verror= 0.00038146 Werror= 4.414e-05 time_compute= 0.24773204
( 256 0.97 10.4 7.8 ) Verror= 0.00038148 Werror= 4.413e-05 time_compute= 0.29400742
( 256 0.97 10.4 8.02 ) Verror= 0.00038127 Werror= 4.406e-05 time_compute= 0.29957449
( 256 0.97 10.4 8.24 ) Verror= 0.00038127 Werror= 4.406e-05 time_compute= 0.27314579
( 256 0.97 10.4 8.46 ) Verror= 0.0003811 Werror= 4.399e-05 time_compute= 0.33449221
( 256 0.97 10.4 8.68 ) Verror= 0.00038112 Werror= 4.398e-05 time_compute= 0.3270638
( 256 0.97 10.7 4.5 ) Verror= 0.00180539 Werror= 0.00142641 time_compute= 0.11956775
( 256 0.97 10.7 4.72 ) Verror= 0.00135413 Werror= 0.00087278 time_compute= 0.12646759
( 256 0.97 10.7 4.94 ) Verror= 0.00098298 Werror= 0.00052251 time_compute= 0.1342361
( 256 0.97 10.7 5.16 ) Verror= 0.0007129 Werror= 0.00030685 time_compute= 0.14269435
( 256 0.97 10.7 5.38 ) Verror= 0.00054271 Werror= 0.0001796 time_compute= 0.15216136
( 256 0.97 10.7 5.6 ) Verror= 0.0004494 Werror= 0.0001071 time_compute= 0.14997494
( 256 0.97 10.7 5.82 ) Verror= 0.00040593 Werror= 6.972e-05 time_compute= 0.15836108
( 256 0.97 10.7 6.04 ) Verror= 0.00038913 Werror= 5.301e-05 time_compute= 0.17673874
( 256 0.97 10.7 6.26 ) Verror= 0.0003834 Werror= 4.678e-05 time_compute= 0.19028401
( 256 0.97 10.7 6.48 ) Verror= 0.00038155 Werror= 4.485e-05 time_compute= 0.1884042
( 256 0.97 10.7 6.7 ) Verror= 0.00038107 Werror= 4.43e-05 time_compute= 0.21790957
( 256 0.97 10.7 6.92 ) Verror= 0.00038096 Werror= 4.416e-05 time_compute= 0.23139787
( 256 0.97 10.7 7.140000000000001 ) Verror= 0.00038148 Werror= 4.415e-05 time_compute= 0.23677778
( 256 0.97 10.7 7.359999999999999 ) Verror= 0.00038147 Werror= 4.414e-05 time_compute= 0.24188626
( 256 0.97 10.7 7.58 ) Verror= 0.00038145 Werror= 4.414e-05 time_compute= 0.25287092
( 256 0.97 10.7 7.8 ) Verror= 0.00038148 Werror= 4.413e-05 time_compute= 0.28805697
( 256 0.97 10.7 8.02 ) Verror= 0.00038126 Werror= 4.406e-05 time_compute= 0.3042587
( 256 0.97 10.7 8.24 ) Verror= 0.00038125 Werror= 4.406e-05 time_compute= 0.27312124
( 256 0.97 10.7 8.46 ) Verror= 0.00038112 Werror= 4.399e-05 time_compute= 0.32354832
( 256 0.97 10.7 8.68 ) Verror= 0.00038113 Werror= 4.398e-05 time_compute= 0.3160888
( 256 0.97 11.0 4.5 ) Verror= 0.00180449 Werror= 0.00142691 time_compute= 0.12126613
( 256 0.97 11.0 4.72 ) Verror= 0.00135 Werror= 0.00087311 time_compute= 0.1336652
( 256 0.97 11.0 4.94 ) Verror= 0.00097395 Werror= 0.00052266 time_compute= 0.14146101
( 256 0.97 11.0 5.16 ) Verror= 0.00069719 Werror= 0.00030684 time_compute= 0.14984286
( 256 0.97 11.0 5.38 ) Verror= 0.00051897 Werror= 0.00017945 time_compute= 0.1592679
( 256 0.97 11.0 5.6 ) Verror= 0.00041842 Werror= 0.00010683 time_compute= 0.16947544
( 256 0.97 11.0 5.82 ) Verror= 0.00036966 Werror= 6.935e-05 time_compute= 0.1803484
( 256 0.97 11.0 6.04 ) Verror= 0.00034978 Werror= 5.261e-05 time_compute= 0.17559397
( 256 0.97 11.0 6.26 ) Verror= 0.00034265 Werror= 4.64e-05 time_compute= 0.20280886
( 256 0.97 11.0 6.48 ) Verror= 0.00034029 Werror= 4.449e-05 time_compute= 0.21479654
( 256 0.97 11.0 6.7 ) Verror= 0.00033961 Werror= 4.397e-05 time_compute= 0.21602321
( 256 0.97 11.0 6.92 ) Verror= 0.00033943 Werror= 4.384e-05 time_compute= 0.22030747
( 256 0.97 11.0 7.140000000000001 ) Verror= 0.00033993 Werror= 4.384e-05 time_compute= 0.22337735
( 256 0.97 11.0 7.359999999999999 ) Verror= 0.00033991 Werror= 4.384e-05 time_compute= 0.23791218
( 256 0.97 11.0 7.58 ) Verror= 0.00033991 Werror= 4.384e-05 time_compute= 0.27188432
( 256 0.97 11.0 7.8 ) Verror= 0.00033991 Werror= 4.384e-05 time_compute= 0.30210471
( 256 0.97 11.0 8.02 ) Verror= 0.0003397 Werror= 4.376e-05 time_compute= 0.27181482
( 256 0.97 11.0 8.24 ) Verror= 0.0003397 Werror= 4.376e-05 time_compute= 0.31314754
( 256 0.97 11.0 8.46 ) Verror= 0.00033955 Werror= 4.369e-05 time_compute= 0.32898843
( 256 0.97 11.0 8.68 ) Verror= 0.00033955 Werror= 4.368e-05 time_compute= 0.34071541
( 256 0.97 11.3 4.5 ) Verror= 0.00180449 Werror= 0.00142691 time_compute= 0.12518811
( 256 0.97 11.3 4.72 ) Verror= 0.00135 Werror= 0.00087311 time_compute= 0.13391638
( 256 0.97 11.3 4.94 ) Verror= 0.00097395 Werror= 0.00052266 time_compute= 0.14155149
( 256 0.97 11.3 5.16 ) Verror= 0.00069719 Werror= 0.00030684 time_compute= 0.14957845
( 256 0.97 11.3 5.38 ) Verror= 0.00051897 Werror= 0.00017945 time_compute= 0.15399599
( 256 0.97 11.3 5.6 ) Verror= 0.00041842 Werror= 0.00010683 time_compute= 0.1692338
( 256 0.97 11.3 5.82 ) Verror= 0.00036966 Werror= 6.935e-05 time_compute= 0.16208315
( 256 0.97 11.3 6.04 ) Verror= 0.00034978 Werror= 5.261e-05 time_compute= 0.17461634
( 256 0.97 11.3 6.26 ) Verror= 0.00034265 Werror= 4.64e-05 time_compute= 0.19625688
( 256 0.97 11.3 6.48 ) Verror= 0.00034029 Werror= 4.449e-05 time_compute= 0.20342529
( 256 0.97 11.3 6.7 ) Verror= 0.00033961 Werror= 4.397e-05 time_compute= 0.21552944
( 256 0.97 11.3 6.92 ) Verror= 0.00033943 Werror= 4.384e-05 time_compute= 0.22710288
( 256 0.97 11.3 7.140000000000001 ) Verror= 0.00033993 Werror= 4.384e-05 time_compute= 0.25956404
( 256 0.97 11.3 7.359999999999999 ) Verror= 0.00033991 Werror= 4.384e-05 time_compute= 0.24375665
( 256 0.97 11.3 7.58 ) Verror= 0.00033991 Werror= 4.384e-05 time_compute= 0.25129628
( 256 0.97 11.3 7.8 ) Verror= 0.00033991 Werror= 4.384e-05 time_compute= 0.28317821
( 256 0.97 11.3 8.02 ) Verror= 0.0003397 Werror= 4.376e-05 time_compute= 0.30975592
( 256 0.97 11.3 8.24 ) Verror= 0.0003397 Werror= 4.376e-05 time_compute= 0.30427003
( 256 0.97 11.3 8.46 ) Verror= 0.00033956 Werror= 4.369e-05 time_compute= 0.31319296
( 256 0.97 11.3 8.68 ) Verror= 0.00033955 Werror= 4.368e-05 time_compute= 0.3251332
( 256 0.97 11.6 4.5 ) Verror= 0.00180449 Werror= 0.00142691 time_compute= 0.12532377
( 256 0.97 11.6 4.72 ) Verror= 0.00135 Werror= 0.00087311 time_compute= 0.13409054
( 256 0.97 11.6 4.94 ) Verror= 0.00097395 Werror= 0.00052266 time_compute= 0.141307
( 256 0.97 11.6 5.16 ) Verror= 0.00069719 Werror= 0.00030684 time_compute= 0.14968801
( 256 0.97 11.6 5.38 ) Verror= 0.00051897 Werror= 0.00017945 time_compute= 0.14860511
( 256 0.97 11.6 5.6 ) Verror= 0.00041842 Werror= 0.00010683 time_compute= 0.16890597
( 256 0.97 11.6 5.82 ) Verror= 0.00036966 Werror= 6.935e-05 time_compute= 0.17543209
( 256 0.97 11.6 6.04 ) Verror= 0.00034978 Werror= 5.261e-05 time_compute= 0.17446852
( 256 0.97 11.6 6.26 ) Verror= 0.00034265 Werror= 4.64e-05 time_compute= 0.20316458
( 256 0.97 11.6 6.48 ) Verror= 0.0003403 Werror= 4.449e-05 time_compute= 0.21235347
( 256 0.97 11.6 6.7 ) Verror= 0.00033961 Werror= 4.397e-05 time_compute= 0.19795692
( 256 0.97 11.6 6.92 ) Verror= 0.00033943 Werror= 4.384e-05 time_compute= 0.23238051
( 256 0.97 11.6 7.140000000000001 ) Verror= 0.00033993 Werror= 4.384e-05 time_compute= 0.25606978
( 256 0.97 11.6 7.359999999999999 ) Verror= 0.00033991 Werror= 4.384e-05 time_compute= 0.24790418
( 256 0.97 11.6 7.58 ) Verror= 0.00033991 Werror= 4.384e-05 time_compute= 0.28337252
( 256 0.97 11.6 7.8 ) Verror= 0.00033991 Werror= 4.384e-05 time_compute= 0.27888548
( 256 0.97 11.6 8.02 ) Verror= 0.0003397 Werror= 4.376e-05 time_compute= 0.29814804
( 256 0.97 11.6 8.24 ) Verror= 0.0003397 Werror= 4.376e-05 time_compute= 0.2946831
( 256 0.97 11.6 8.46 ) Verror= 0.00033956 Werror= 4.369e-05 time_compute= 0.33660829
( 256 0.97 11.6 8.68 ) Verror= 0.00033955 Werror= 4.368e-05 time_compute= 0.35515678
( 256 0.97 11.9 4.5 ) Verror= 0.00180453 Werror= 0.00142691 time_compute= 0.13687575
( 256 0.97 11.9 4.72 ) Verror= 0.00135003 Werror= 0.00087311 time_compute= 0.14553809
( 256 0.97 11.9 4.94 ) Verror= 0.00097399 Werror= 0.00052267 time_compute= 0.17695153
( 256 0.97 11.9 5.16 ) Verror= 0.00069722 Werror= 0.00030685 time_compute= 0.15472376
( 256 0.97 11.9 5.38 ) Verror= 0.000519 Werror= 0.00017945 time_compute= 0.15812099
( 256 0.97 11.9 5.6 ) Verror= 0.00041843 Werror= 0.00010683 time_compute= 0.18119347
( 256 0.97 11.9 5.82 ) Verror= 0.00036966 Werror= 6.935e-05 time_compute= 0.18236125
( 256 0.97 11.9 6.04 ) Verror= 0.00034978 Werror= 5.261e-05 time_compute= 0.20436728
( 256 0.97 11.9 6.26 ) Verror= 0.00034264 Werror= 4.64e-05 time_compute= 0.21307647
( 256 0.97 11.9 6.48 ) Verror= 0.00034028 Werror= 4.449e-05 time_compute= 0.22648227
( 256 0.97 11.9 6.7 ) Verror= 0.00033961 Werror= 4.397e-05 time_compute= 0.24138308
( 256 0.97 11.9 6.92 ) Verror= 0.00033942 Werror= 4.384e-05 time_compute= 0.22989881
( 256 0.97 11.9 7.140000000000001 ) Verror= 0.00033992 Werror= 4.384e-05 time_compute= 0.23398542
( 256 0.97 11.9 7.359999999999999 ) Verror= 0.0003399 Werror= 4.384e-05 time_compute= 0.24541008
( 256 0.97 11.9 7.58 ) Verror= 0.0003399 Werror= 4.384e-05 time_compute= 0.25294149
( 256 0.97 11.9 7.8 ) Verror= 0.0003399 Werror= 4.384e-05 time_compute= 0.26556456
( 256 0.97 11.9 8.02 ) Verror= 0.00033969 Werror= 4.377e-05 time_compute= 0.3190968
( 256 0.97 11.9 8.24 ) Verror= 0.00033969 Werror= 4.377e-05 time_compute= 0.28992915
( 256 0.97 11.9 8.46 ) Verror= 0.00033955 Werror= 4.369e-05 time_compute= 0.33393419
( 256 0.97 11.9 8.68 ) Verror= 0.00033954 Werror= 4.369e-05 time_compute= 0.32643318
( 256 0.97 12.2 4.5 ) Verror= 0.00180453 Werror= 0.00142691 time_compute= 0.13754654
( 256 0.97 12.2 4.72 ) Verror= 0.00135004 Werror= 0.00087311 time_compute= 0.14532256
( 256 0.97 12.2 4.94 ) Verror= 0.00097399 Werror= 0.00052267 time_compute= 0.15326607
( 256 0.97 12.2 5.16 ) Verror= 0.00069723 Werror= 0.00030685 time_compute= 0.16174448
( 256 0.97 12.2 5.38 ) Verror= 0.00051899 Werror= 0.00017945 time_compute= 0.17006981
( 256 0.97 12.2 5.6 ) Verror= 0.00041843 Werror= 0.00010683 time_compute= 0.1783247
( 256 0.97 12.2 5.82 ) Verror= 0.00036966 Werror= 6.935e-05 time_compute= 0.19235599
( 256 0.97 12.2 6.04 ) Verror= 0.00034978 Werror= 5.261e-05 time_compute= 0.18198562
( 256 0.97 12.2 6.26 ) Verror= 0.00034264 Werror= 4.64e-05 time_compute= 0.21478999
( 256 0.97 12.2 6.48 ) Verror= 0.00034029 Werror= 4.449e-05 time_compute= 0.22239459
( 256 0.97 12.2 6.7 ) Verror= 0.00033961 Werror= 4.397e-05 time_compute= 0.22713411
( 256 0.97 12.2 6.92 ) Verror= 0.00033942 Werror= 4.384e-05 time_compute= 0.2538718
( 256 0.97 12.2 7.140000000000001 ) Verror= 0.00033992 Werror= 4.384e-05 time_compute= 0.27286756
( 256 0.97 12.2 7.359999999999999 ) Verror= 0.0003399 Werror= 4.384e-05 time_compute= 0.28186619
( 256 0.97 12.2 7.58 ) Verror= 0.0003399 Werror= 4.384e-05 time_compute= 0.25474727
( 256 0.97 12.2 7.8 ) Verror= 0.0003399 Werror= 4.384e-05 time_compute= 0.28633344
( 256 0.97 12.2 8.02 ) Verror= 0.00033969 Werror= 4.377e-05 time_compute= 0.2778542
( 256 0.97 12.2 8.24 ) Verror= 0.00033969 Werror= 4.377e-05 time_compute= 0.30899847
( 256 0.97 12.2 8.46 ) Verror= 0.00033955 Werror= 4.369e-05 time_compute= 0.32846713
( 256 0.97 12.2 8.68 ) Verror= 0.00033954 Werror= 4.369e-05 time_compute= 0.34112978
( 256 0.97 12.5 4.5 ) Verror= 0.00180453 Werror= 0.00142691 time_compute= 0.13699126
( 256 0.97 12.5 4.72 ) Verror= 0.00135003 Werror= 0.00087311 time_compute= 0.1450752
( 256 0.97 12.5 4.94 ) Verror= 0.00097399 Werror= 0.00052267 time_compute= 0.15330124
( 256 0.97 12.5 5.16 ) Verror= 0.00069723 Werror= 0.00030685 time_compute= 0.16207409
( 256 0.97 12.5 5.38 ) Verror= 0.00051899 Werror= 0.00017945 time_compute= 0.17099082
( 256 0.97 12.5 5.6 ) Verror= 0.00041842 Werror= 0.00010683 time_compute= 0.17234826
( 256 0.97 12.5 5.82 ) Verror= 0.00036966 Werror= 6.935e-05 time_compute= 0.18605483
( 256 0.97 12.5 6.04 ) Verror= 0.00034978 Werror= 5.261e-05 time_compute= 0.20390666
( 256 0.97 12.5 6.26 ) Verror= 0.00034264 Werror= 4.64e-05 time_compute= 0.20676696
( 256 0.97 12.5 6.48 ) Verror= 0.00034029 Werror= 4.449e-05 time_compute= 0.20150971
( 256 0.97 12.5 6.7 ) Verror= 0.00033961 Werror= 4.397e-05 time_compute= 0.21201277
( 256 0.97 12.5 6.92 ) Verror= 0.00033942 Werror= 4.384e-05 time_compute= 0.21789026
( 256 0.97 12.5 7.140000000000001 ) Verror= 0.00033992 Werror= 4.384e-05 time_compute= 0.26426637
( 256 0.97 12.5 7.359999999999999 ) Verror= 0.0003399 Werror= 4.384e-05 time_compute= 0.24638879
( 256 0.97 12.5 7.58 ) Verror= 0.0003399 Werror= 4.384e-05 time_compute= 0.29417539
( 256 0.97 12.5 7.8 ) Verror= 0.0003399 Werror= 4.384e-05 time_compute= 0.29077506
( 256 0.97 12.5 8.02 ) Verror= 0.00033969 Werror= 4.377e-05 time_compute= 0.29517865
( 256 0.97 12.5 8.24 ) Verror= 0.00033969 Werror= 4.377e-05 time_compute= 0.31271183
( 256 0.97 12.5 8.46 ) Verror= 0.00033955 Werror= 4.369e-05 time_compute= 0.30569243
( 256 0.97 12.5 8.68 ) Verror= 0.00033954 Werror= 4.369e-05 time_compute= 0.3354888
( 256 0.97 12.8 4.5 ) Verror= 0.00180453 Werror= 0.00142691 time_compute= 0.1373322
( 256 0.97 12.8 4.72 ) Verror= 0.00135004 Werror= 0.00087311 time_compute= 0.14562964
( 256 0.97 12.8 4.94 ) Verror= 0.00097399 Werror= 0.00052267 time_compute= 0.14232075
( 256 0.97 12.8 5.16 ) Verror= 0.00069723 Werror= 0.00030685 time_compute= 0.15314662
( 256 0.97 12.8 5.38 ) Verror= 0.000519 Werror= 0.00017945 time_compute= 0.15914726
( 256 0.97 12.8 5.6 ) Verror= 0.00041842 Werror= 0.00010683 time_compute= 0.18023002
( 256 0.97 12.8 5.82 ) Verror= 0.00036967 Werror= 6.935e-05 time_compute= 0.18810689
( 256 0.97 12.8 6.04 ) Verror= 0.00034978 Werror= 5.261e-05 time_compute= 0.20443058
( 256 0.97 12.8 6.26 ) Verror= 0.00034264 Werror= 4.64e-05 time_compute= 0.21399331
( 256 0.97 12.8 6.48 ) Verror= 0.00034029 Werror= 4.449e-05 time_compute= 0.21618152
( 256 0.97 12.8 6.7 ) Verror= 0.00033961 Werror= 4.397e-05 time_compute= 0.24068773
( 256 0.97 12.8 6.92 ) Verror= 0.00033942 Werror= 4.384e-05 time_compute= 0.23722672
( 256 0.97 12.8 7.140000000000001 ) Verror= 0.00033992 Werror= 4.384e-05 time_compute= 0.27370751
( 256 0.97 12.8 7.359999999999999 ) Verror= 0.0003399 Werror= 4.384e-05 time_compute= 0.25209713
( 256 0.97 12.8 7.58 ) Verror= 0.0003399 Werror= 4.384e-05 time_compute= 0.26884162
( 256 0.97 12.8 7.8 ) Verror= 0.0003399 Werror= 4.384e-05 time_compute= 0.26309133
( 256 0.97 12.8 8.02 ) Verror= 0.00033969 Werror= 4.377e-05 time_compute= 0.29267299
( 256 0.97 12.8 8.24 ) Verror= 0.00033969 Werror= 4.377e-05 time_compute= 0.32556903
( 256 0.97 12.8 8.46 ) Verror= 0.00033955 Werror= 4.369e-05 time_compute= 0.308532
( 256 0.97 12.8 8.68 ) Verror= 0.00033954 Werror= 4.369e-05 time_compute= 0.34717989
( 256 0.97 13.1 4.5 ) Verror= 0.00180456 Werror= 0.00142692 time_compute= 0.14475513
( 256 0.97 13.1 4.72 ) Verror= 0.00135007 Werror= 0.00087312 time_compute= 0.16027975
( 256 0.97 13.1 4.94 ) Verror= 0.00097402 Werror= 0.00052267 time_compute= 0.16810918
( 256 0.97 13.1 5.16 ) Verror= 0.00069725 Werror= 0.00030685 time_compute= 0.17695785
( 256 0.97 13.1 5.38 ) Verror= 0.00051902 Werror= 0.00017946 time_compute= 0.17363024
( 256 0.97 13.1 5.6 ) Verror= 0.00041844 Werror= 0.00010683 time_compute= 0.19523084
( 256 0.97 13.1 5.82 ) Verror= 0.00036967 Werror= 6.935e-05 time_compute= 0.20748031
( 256 0.97 13.1 6.04 ) Verror= 0.00034978 Werror= 5.261e-05 time_compute= 0.19482458
( 256 0.97 13.1 6.26 ) Verror= 0.00034264 Werror= 4.64e-05 time_compute= 0.20629406
( 256 0.97 13.1 6.48 ) Verror= 0.00034028 Werror= 4.449e-05 time_compute= 0.23035502
( 256 0.97 13.1 6.7 ) Verror= 0.0003396 Werror= 4.397e-05 time_compute= 0.24250114
( 256 0.97 13.1 6.92 ) Verror= 0.00033942 Werror= 4.385e-05 time_compute= 0.24261463
( 256 0.97 13.1 7.140000000000001 ) Verror= 0.00033991 Werror= 4.385e-05 time_compute= 0.26780665
( 256 0.97 13.1 7.359999999999999 ) Verror= 0.00033989 Werror= 4.384e-05 time_compute= 0.28244317
( 256 0.97 13.1 7.58 ) Verror= 0.00033989 Werror= 4.384e-05 time_compute= 0.3032248
( 256 0.97 13.1 7.8 ) Verror= 0.00033989 Werror= 4.384e-05 time_compute= 0.31827199
( 256 0.97 13.1 8.02 ) Verror= 0.00033968 Werror= 4.377e-05 time_compute= 0.29532623
( 256 0.97 13.1 8.24 ) Verror= 0.00033968 Werror= 4.377e-05 time_compute= 0.32701826
( 256 0.97 13.1 8.46 ) Verror= 0.00033954 Werror= 4.369e-05 time_compute= 0.3514502
( 256 0.97 13.1 8.68 ) Verror= 0.00033953 Werror= 4.369e-05 time_compute= 0.35449827
( 256 0.97 13.399999999999999 4.5 ) Verror= 0.00180456 Werror= 0.00142692 time_compute= 0.15215719
( 256 0.97 13.399999999999999 4.72 ) Verror= 0.00135007 Werror= 0.00087312 time_compute= 0.17179549
( 256 0.97 13.399999999999999 4.94 ) Verror= 0.00097402 Werror= 0.00052267 time_compute= 0.1676029
( 256 0.97 13.399999999999999 5.16 ) Verror= 0.00069725 Werror= 0.00030685 time_compute= 0.17636514
( 256 0.97 13.399999999999999 5.38 ) Verror= 0.00051902 Werror= 0.00017945 time_compute= 0.18620956
( 256 0.97 13.399999999999999 5.6 ) Verror= 0.00041844 Werror= 0.00010683 time_compute= 0.17765939
( 256 0.97 13.399999999999999 5.82 ) Verror= 0.00036967 Werror= 6.935e-05 time_compute= 0.18626237
( 256 0.97 13.399999999999999 6.04 ) Verror= 0.00034978 Werror= 5.261e-05 time_compute= 0.20702684
( 256 0.97 13.399999999999999 6.26 ) Verror= 0.00034264 Werror= 4.64e-05 time_compute= 0.20537364
( 256 0.97 13.399999999999999 6.48 ) Verror= 0.00034028 Werror= 4.449e-05 time_compute= 0.21314478
( 256 0.97 13.399999999999999 6.7 ) Verror= 0.0003396 Werror= 4.397e-05 time_compute= 0.25555313
( 256 0.97 13.399999999999999 6.92 ) Verror= 0.00033942 Werror= 4.385e-05 time_compute= 0.24276245
( 256 0.97 13.399999999999999 7.140000000000001 ) Verror= 0.00033991 Werror= 4.385e-05 time_compute= 0.25563967
( 256 0.97 13.399999999999999 7.359999999999999 ) Verror= 0.00033989 Werror= 4.384e-05 time_compute= 0.26407516
( 256 0.97 13.399999999999999 7.58 ) Verror= 0.00033989 Werror= 4.384e-05 time_compute= 0.2693578
( 256 0.97 13.399999999999999 7.8 ) Verror= 0.00033989 Werror= 4.384e-05 time_compute= 0.27828741
( 256 0.97 13.399999999999999 8.02 ) Verror= 0.00033968 Werror= 4.377e-05 time_compute= 0.29280448
( 256 0.97 13.399999999999999 8.24 ) Verror= 0.00033968 Werror= 4.377e-05 time_compute= 0.33551669
( 256 0.97 13.399999999999999 8.46 ) Verror= 0.00033954 Werror= 4.369e-05 time_compute= 0.34556246
( 256 0.97 13.399999999999999 8.68 ) Verror= 0.00033953 Werror= 4.369e-05 time_compute= 0.32847571
( 256 0.97 13.7 4.5 ) Verror= 0.00180456 Werror= 0.00142691 time_compute= 0.15124774
( 256 0.97 13.7 4.72 ) Verror= 0.00135008 Werror= 0.00087312 time_compute= 0.15972233
( 256 0.97 13.7 4.94 ) Verror= 0.00097402 Werror= 0.00052267 time_compute= 0.15689206
( 256 0.97 13.7 5.16 ) Verror= 0.00069725 Werror= 0.00030685 time_compute= 0.17573869
( 256 0.97 13.7 5.38 ) Verror= 0.00051902 Werror= 0.00017945 time_compute= 0.18503094
( 256 0.97 13.7 5.6 ) Verror= 0.00041844 Werror= 0.00010683 time_compute= 0.19462836
( 256 0.97 13.7 5.82 ) Verror= 0.00036967 Werror= 6.935e-05 time_compute= 0.197016
( 256 0.97 13.7 6.04 ) Verror= 0.00034978 Werror= 5.261e-05 time_compute= 0.19540405
( 256 0.97 13.7 6.26 ) Verror= 0.00034264 Werror= 4.64e-05 time_compute= 0.20295107
( 256 0.97 13.7 6.48 ) Verror= 0.00034028 Werror= 4.449e-05 time_compute= 0.22705996
( 256 0.97 13.7 6.7 ) Verror= 0.0003396 Werror= 4.397e-05 time_compute= 0.23721814
( 256 0.97 13.7 6.92 ) Verror= 0.00033942 Werror= 4.385e-05 time_compute= 0.25586236
( 256 0.97 13.7 7.140000000000001 ) Verror= 0.00033991 Werror= 4.385e-05 time_compute= 0.24531388
( 256 0.97 13.7 7.359999999999999 ) Verror= 0.00033989 Werror= 4.384e-05 time_compute= 0.25507879
( 256 0.97 13.7 7.58 ) Verror= 0.00033989 Werror= 4.384e-05 time_compute= 0.26636851
( 256 0.97 13.7 7.8 ) Verror= 0.00033989 Werror= 4.384e-05 time_compute= 0.30702376
( 256 0.97 13.7 8.02 ) Verror= 0.00033968 Werror= 4.377e-05 time_compute= 0.32792938
( 256 0.97 13.7 8.24 ) Verror= 0.00033968 Werror= 4.377e-05 time_compute= 0.2999649
( 256 0.97 13.7 8.46 ) Verror= 0.00033954 Werror= 4.369e-05 time_compute= 0.33770597
( 256 0.97 13.7 8.68 ) Verror= 0.00033954 Werror= 4.369e-05 time_compute= 0.36090398
( 256 0.99 8.0 4.5 ) Verror= 0.01292767 Werror= 0.00151866 time_compute= 0.10056162
( 256 0.99 8.0 4.72 ) Verror= 0.01288764 Werror= 0.00104039 time_compute= 0.1091001
( 256 0.99 8.0 4.94 ) Verror= 0.01286881 Werror= 0.00077216 time_compute= 0.11852646
( 256 0.99 8.0 5.16 ) Verror= 0.01286152 Werror= 0.00063745 time_compute= 0.12764847
( 256 0.99 8.0 5.38 ) Verror= 0.0128594 Werror= 0.00057764 time_compute= 0.13748801
( 256 0.99 8.0 5.6 ) Verror= 0.01286036 Werror= 0.00055294 time_compute= 0.13853741
( 256 0.99 8.0 5.82 ) Verror= 0.01286078 Werror= 0.00054284 time_compute= 0.15122843
( 256 0.99 8.0 6.04 ) Verror= 0.01286197 Werror= 0.00053895 time_compute= 0.16233885
( 256 0.99 8.0 6.26 ) Verror= 0.01286253 Werror= 0.00053731 time_compute= 0.17533576
( 256 0.99 8.0 6.48 ) Verror= 0.0128628 Werror= 0.00053662 time_compute= 0.20222247
( 256 0.99 8.0 6.7 ) Verror= 0.01286315 Werror= 0.00053631 time_compute= 0.18635046
( 256 0.99 8.0 6.92 ) Verror= 0.01286379 Werror= 0.00053619 time_compute= 0.22951579
( 256 0.99 8.0 7.140000000000001 ) Verror= 0.01286392 Werror= 0.00053613 time_compute= 0.22891641
( 256 0.99 8.0 7.359999999999999 ) Verror= 0.01286405 Werror= 0.0005361 time_compute= 0.23461258
( 256 0.99 8.0 7.58 ) Verror= 0.01286399 Werror= 0.00053609 time_compute= 0.26342976
( 256 0.99 8.0 7.8 ) Verror= 0.01286405 Werror= 0.00053609 time_compute= 0.24481797
( 256 0.99 8.0 8.02 ) Verror= 0.01286379 Werror= 0.00053602 time_compute= 0.29623902
( 256 0.99 8.0 8.24 ) Verror= 0.01286366 Werror= 0.00053594 time_compute= 0.28653443
( 256 0.99 8.0 8.46 ) Verror= 0.01286368 Werror= 0.00053593 time_compute= 0.29129946
( 256 0.99 8.0 8.68 ) Verror= 0.01286363 Werror= 0.00053593 time_compute= 0.32362735
( 256 0.99 8.3 4.5 ) Verror= 0.01292767 Werror= 0.00151866 time_compute= 0.1013943
( 256 0.99 8.3 4.72 ) Verror= 0.01288761 Werror= 0.00104039 time_compute= 0.10919666
( 256 0.99 8.3 4.94 ) Verror= 0.01286886 Werror= 0.00077217 time_compute= 0.11875594
( 256 0.99 8.3 5.16 ) Verror= 0.01286158 Werror= 0.00063745 time_compute= 0.12758505
( 256 0.99 8.3 5.38 ) Verror= 0.01285946 Werror= 0.00057764 time_compute= 0.13744354
( 256 0.99 8.3 5.6 ) Verror= 0.01286035 Werror= 0.00055294 time_compute= 0.13886917
( 256 0.99 8.3 5.82 ) Verror= 0.01286083 Werror= 0.00054284 time_compute= 0.16182518
( 256 0.99 8.3 6.04 ) Verror= 0.01286196 Werror= 0.00053895 time_compute= 0.17665541
( 256 0.99 8.3 6.26 ) Verror= 0.01286254 Werror= 0.00053731 time_compute= 0.18486047
( 256 0.99 8.3 6.48 ) Verror= 0.01286278 Werror= 0.00053661 time_compute= 0.17811942
( 256 0.99 8.3 6.7 ) Verror= 0.01286302 Werror= 0.00053631 time_compute= 0.19236982
( 256 0.99 8.3 6.92 ) Verror= 0.01286379 Werror= 0.00053619 time_compute= 0.21703231
( 256 0.99 8.3 7.140000000000001 ) Verror= 0.01286393 Werror= 0.00053613 time_compute= 0.24483466
( 256 0.99 8.3 7.359999999999999 ) Verror= 0.01286397 Werror= 0.0005361 time_compute= 0.2431941
( 256 0.99 8.3 7.58 ) Verror= 0.01286395 Werror= 0.00053609 time_compute= 0.23945224
( 256 0.99 8.3 7.8 ) Verror= 0.01286406 Werror= 0.00053609 time_compute= 0.24818158
( 256 0.99 8.3 8.02 ) Verror= 0.01286379 Werror= 0.00053601 time_compute= 0.25985551
( 256 0.99 8.3 8.24 ) Verror= 0.01286365 Werror= 0.00053594 time_compute= 0.30497825
( 256 0.99 8.3 8.46 ) Verror= 0.01286362 Werror= 0.00053593 time_compute= 0.31668746
( 256 0.99 8.3 8.68 ) Verror= 0.01286366 Werror= 0.00053593 time_compute= 0.31047058
( 256 0.99 8.6 4.5 ) Verror= 0.00190272 Werror= 0.00138805 time_compute= 0.11231518
( 256 0.99 8.6 4.72 ) Verror= 0.00142105 Werror= 0.00084792 time_compute= 0.12139952
( 256 0.99 8.6 4.94 ) Verror= 0.00103337 Werror= 0.00050687 time_compute= 0.12900007
( 256 0.99 8.6 5.16 ) Verror= 0.0007615 Werror= 0.00029711 time_compute= 0.13821304
( 256 0.99 8.6 5.38 ) Verror= 0.00059467 Werror= 0.00017186 time_compute= 0.14821112
( 256 0.99 8.6 5.6 ) Verror= 0.00050839 Werror= 0.00010013 time_compute= 0.15893126
( 256 0.99 8.6 5.82 ) Verror= 0.00047019 Werror= 6.14e-05 time_compute= 0.15844059
( 256 0.99 8.6 6.04 ) Verror= 0.00045634 Werror= 4.309e-05 time_compute= 0.18439436
( 256 0.99 8.6 6.26 ) Verror= 0.00045197 Werror= 3.579e-05 time_compute= 0.19515526
( 256 0.99 8.6 6.48 ) Verror= 0.00045068 Werror= 3.334e-05 time_compute= 0.19928205
( 256 0.99 8.6 6.7 ) Verror= 0.00045041 Werror= 3.259e-05 time_compute= 0.22518027
( 256 0.99 8.6 6.92 ) Verror= 0.00045103 Werror= 3.24e-05 time_compute= 0.23718238
( 256 0.99 8.6 7.140000000000001 ) Verror= 0.000451 Werror= 3.232e-05 time_compute= 0.23925698
( 256 0.99 8.6 7.359999999999999 ) Verror= 0.00045104 Werror= 3.23e-05 time_compute= 0.26755738
( 256 0.99 8.6 7.58 ) Verror= 0.00045103 Werror= 3.229e-05 time_compute= 0.27944589
( 256 0.99 8.6 7.8 ) Verror= 0.00045106 Werror= 3.229e-05 time_compute= 0.28909242
( 256 0.99 8.6 8.02 ) Verror= 0.00045077 Werror= 3.221e-05 time_compute= 0.27024877
( 256 0.99 8.6 8.24 ) Verror= 0.00045063 Werror= 3.213e-05 time_compute= 0.32367086
( 256 0.99 8.6 8.46 ) Verror= 0.00045066 Werror= 3.213e-05 time_compute= 0.32587957
( 256 0.99 8.6 8.68 ) Verror= 0.00045061 Werror= 3.213e-05 time_compute= 0.35622776
( 256 0.99 8.9 4.5 ) Verror= 0.00190271 Werror= 0.00138805 time_compute= 0.11245596
( 256 0.99 8.9 4.72 ) Verror= 0.00142104 Werror= 0.00084792 time_compute= 0.12127972
( 256 0.99 8.9 4.94 ) Verror= 0.00103338 Werror= 0.00050687 time_compute= 0.12379682
( 256 0.99 8.9 5.16 ) Verror= 0.00076154 Werror= 0.00029711 time_compute= 0.13850021
( 256 0.99 8.9 5.38 ) Verror= 0.00059467 Werror= 0.00017186 time_compute= 0.14866161
( 256 0.99 8.9 5.6 ) Verror= 0.00050844 Werror= 0.00010013 time_compute= 0.15875649
( 256 0.99 8.9 5.82 ) Verror= 0.00047009 Werror= 6.14e-05 time_compute= 0.15601194
( 256 0.99 8.9 6.04 ) Verror= 0.00045642 Werror= 4.309e-05 time_compute= 0.18493879
( 256 0.99 8.9 6.26 ) Verror= 0.00045197 Werror= 3.579e-05 time_compute= 0.18384266
( 256 0.99 8.9 6.48 ) Verror= 0.00045065 Werror= 3.334e-05 time_compute= 0.20261562
( 256 0.99 8.9 6.7 ) Verror= 0.00045041 Werror= 3.259e-05 time_compute= 0.2097739
( 256 0.99 8.9 6.92 ) Verror= 0.00045105 Werror= 3.24e-05 time_compute= 0.2370255
( 256 0.99 8.9 7.140000000000001 ) Verror= 0.00045097 Werror= 3.232e-05 time_compute= 0.2493695
( 256 0.99 8.9 7.359999999999999 ) Verror= 0.00045105 Werror= 3.23e-05 time_compute= 0.23205435
( 256 0.99 8.9 7.58 ) Verror= 0.00045104 Werror= 3.229e-05 time_compute= 0.27994204
( 256 0.99 8.9 7.8 ) Verror= 0.00045103 Werror= 3.229e-05 time_compute= 0.25685346
( 256 0.99 8.9 8.02 ) Verror= 0.00045083 Werror= 3.221e-05 time_compute= 0.30130088
( 256 0.99 8.9 8.24 ) Verror= 0.00045064 Werror= 3.213e-05 time_compute= 0.2892592
( 256 0.99 8.9 8.46 ) Verror= 0.00045065 Werror= 3.213e-05 time_compute= 0.32476461
( 256 0.99 8.9 8.68 ) Verror= 0.00045067 Werror= 3.213e-05 time_compute= 0.35401213
( 256 0.99 9.2 4.5 ) Verror= 0.00190272 Werror= 0.00138805 time_compute= 0.11217308
( 256 0.99 9.2 4.72 ) Verror= 0.00142104 Werror= 0.00084792 time_compute= 0.12100518
( 256 0.99 9.2 4.94 ) Verror= 0.00103339 Werror= 0.00050687 time_compute= 0.12455654
( 256 0.99 9.2 5.16 ) Verror= 0.0007615 Werror= 0.00029711 time_compute= 0.13850474
( 256 0.99 9.2 5.38 ) Verror= 0.00059464 Werror= 0.00017186 time_compute= 0.14885926
( 256 0.99 9.2 5.6 ) Verror= 0.00050842 Werror= 0.00010013 time_compute= 0.15948725
( 256 0.99 9.2 5.82 ) Verror= 0.0004701 Werror= 6.14e-05 time_compute= 0.17112136
( 256 0.99 9.2 6.04 ) Verror= 0.00045636 Werror= 4.309e-05 time_compute= 0.18474579
( 256 0.99 9.2 6.26 ) Verror= 0.00045202 Werror= 3.579e-05 time_compute= 0.18259561
( 256 0.99 9.2 6.48 ) Verror= 0.00045072 Werror= 3.334e-05 time_compute= 0.18809283
( 256 0.99 9.2 6.7 ) Verror= 0.00045046 Werror= 3.259e-05 time_compute= 0.2099421
( 256 0.99 9.2 6.92 ) Verror= 0.00045094 Werror= 3.24e-05 time_compute= 0.21638083
( 256 0.99 9.2 7.140000000000001 ) Verror= 0.00045095 Werror= 3.232e-05 time_compute= 0.21974599
( 256 0.99 9.2 7.359999999999999 ) Verror= 0.00045102 Werror= 3.23e-05 time_compute= 0.23436713
( 256 0.99 9.2 7.58 ) Verror= 0.00045101 Werror= 3.229e-05 time_compute= 0.25194001
( 256 0.99 9.2 7.8 ) Verror= 0.00045107 Werror= 3.229e-05 time_compute= 0.25926089
( 256 0.99 9.2 8.02 ) Verror= 0.00045082 Werror= 3.221e-05 time_compute= 0.30254805
( 256 0.99 9.2 8.24 ) Verror= 0.00045069 Werror= 3.213e-05 time_compute= 0.29823422
( 256 0.99 9.2 8.46 ) Verror= 0.00045062 Werror= 3.213e-05 time_compute= 0.29882407
( 256 0.99 9.2 8.68 ) Verror= 0.00045059 Werror= 3.213e-05 time_compute= 0.34671175
( 256 0.99 9.5 4.5 ) Verror= 0.00190272 Werror= 0.00138805 time_compute= 0.11253297
( 256 0.99 9.5 4.72 ) Verror= 0.00142105 Werror= 0.00084792 time_compute= 0.12115693
( 256 0.99 9.5 4.94 ) Verror= 0.0010334 Werror= 0.00050687 time_compute= 0.12919569
( 256 0.99 9.5 5.16 ) Verror= 0.0007615 Werror= 0.00029711 time_compute= 0.13841748
( 256 0.99 9.5 5.38 ) Verror= 0.00059465 Werror= 0.00017186 time_compute= 0.14829493
( 256 0.99 9.5 5.6 ) Verror= 0.00050846 Werror= 0.00010013 time_compute= 0.15490639
( 256 0.99 9.5 5.82 ) Verror= 0.0004701 Werror= 6.14e-05 time_compute= 0.17117727
( 256 0.99 9.5 6.04 ) Verror= 0.00045637 Werror= 4.309e-05 time_compute= 0.17297375
( 256 0.99 9.5 6.26 ) Verror= 0.00045195 Werror= 3.579e-05 time_compute= 0.17830467
( 256 0.99 9.5 6.48 ) Verror= 0.00045057 Werror= 3.334e-05 time_compute= 0.2013818
( 256 0.99 9.5 6.7 ) Verror= 0.00045046 Werror= 3.259e-05 time_compute= 0.20184267
( 256 0.99 9.5 6.92 ) Verror= 0.00045103 Werror= 3.24e-05 time_compute= 0.21415496
( 256 0.99 9.5 7.140000000000001 ) Verror= 0.000451 Werror= 3.232e-05 time_compute= 0.2442981
( 256 0.99 9.5 7.359999999999999 ) Verror= 0.00045097 Werror= 3.23e-05 time_compute= 0.26216936
( 256 0.99 9.5 7.58 ) Verror= 0.00045105 Werror= 3.229e-05 time_compute= 0.27626896
( 256 0.99 9.5 7.8 ) Verror= 0.00045108 Werror= 3.229e-05 time_compute= 0.27466702
( 256 0.99 9.5 8.02 ) Verror= 0.00045077 Werror= 3.221e-05 time_compute= 0.27933156
( 256 0.99 9.5 8.24 ) Verror= 0.00045065 Werror= 3.213e-05 time_compute= 0.30758595
( 256 0.99 9.5 8.46 ) Verror= 0.00045057 Werror= 3.213e-05 time_compute= 0.30296504
( 256 0.99 9.5 8.68 ) Verror= 0.0004507 Werror= 3.213e-05 time_compute= 0.32302463
( 256 0.99 9.8 4.5 ) Verror= 0.00188915 Werror= 0.00138865 time_compute= 0.12208557
( 256 0.99 9.8 4.72 ) Verror= 0.00139857 Werror= 0.00084822 time_compute= 0.12994993
( 256 0.99 9.8 4.94 ) Verror= 0.00099771 Werror= 0.00050689 time_compute= 0.13808477
( 256 0.99 9.8 5.16 ) Verror= 0.00070732 Werror= 0.00029681 time_compute= 0.14716327
( 256 0.99 9.8 5.38 ) Verror= 0.0005198 Werror= 0.00017121 time_compute= 0.15370417
( 256 0.99 9.8 5.6 ) Verror= 0.00041583 Werror= 9.906e-05 time_compute= 0.16791165
( 256 0.99 9.8 5.82 ) Verror= 0.00036626 Werror= 5.985e-05 time_compute= 0.18027735
( 256 0.99 9.8 6.04 ) Verror= 0.0003472 Werror= 4.108e-05 time_compute= 0.19341886
( 256 0.99 9.8 6.26 ) Verror= 0.00034068 Werror= 3.35e-05 time_compute= 0.19508231
( 256 0.99 9.8 6.48 ) Verror= 0.00033864 Werror= 3.095e-05 time_compute= 0.2033267
( 256 0.99 9.8 6.7 ) Verror= 0.00033814 Werror= 3.021e-05 time_compute= 0.21562529
( 256 0.99 9.8 6.92 ) Verror= 0.00033859 Werror= 3.003e-05 time_compute= 0.22247469
( 256 0.99 9.8 7.140000000000001 ) Verror= 0.00033855 Werror= 2.997e-05 time_compute= 0.23680031
( 256 0.99 9.8 7.359999999999999 ) Verror= 0.00033855 Werror= 2.995e-05 time_compute= 0.25459468
( 256 0.99 9.8 7.58 ) Verror= 0.00033857 Werror= 2.994e-05 time_compute= 0.24639714
( 256 0.99 9.8 7.8 ) Verror= 0.00033857 Werror= 2.994e-05 time_compute= 0.30172157
( 256 0.99 9.8 8.02 ) Verror= 0.00033835 Werror= 2.987e-05 time_compute= 0.27077234
( 256 0.99 9.8 8.24 ) Verror= 0.00033821 Werror= 2.979e-05 time_compute= 0.31546783
( 256 0.99 9.8 8.46 ) Verror= 0.00033816 Werror= 2.979e-05 time_compute= 0.34020388
( 256 0.99 9.8 8.68 ) Verror= 0.00033819 Werror= 2.979e-05 time_compute= 0.32751369
( 256 0.99 10.1 4.5 ) Verror= 0.00188915 Werror= 0.00138865 time_compute= 0.12116647
( 256 0.99 10.1 4.72 ) Verror= 0.00139857 Werror= 0.00084822 time_compute= 0.13015556
( 256 0.99 10.1 4.94 ) Verror= 0.00099771 Werror= 0.00050689 time_compute= 0.13813806
( 256 0.99 10.1 5.16 ) Verror= 0.00070733 Werror= 0.00029681 time_compute= 0.14734972
( 256 0.99 10.1 5.38 ) Verror= 0.00051981 Werror= 0.00017121 time_compute= 0.15734839
( 256 0.99 10.1 5.6 ) Verror= 0.00041584 Werror= 9.906e-05 time_compute= 0.16795218
( 256 0.99 10.1 5.82 ) Verror= 0.0003663 Werror= 5.985e-05 time_compute= 0.18009925
( 256 0.99 10.1 6.04 ) Verror= 0.00034722 Werror= 4.108e-05 time_compute= 0.19329572
( 256 0.99 10.1 6.26 